2025-10-22 16:47:52,454 - INFO - Registering strategy: consolidation_breakout
2025-10-22 16:47:52,462 - INFO - TradeEngine initialized with account balance: 10000.00
2025-10-22 16:47:52,462 - INFO - Processing data for EURUSD=X on 2025-10-20
2025-10-22 16:47:53,787 - INFO - Generating payload for candle at 2025-10-19 23:00:00+00:00. ctx_data length: 1. row_data: {'Adj Close': 1.1657729148864746, 'Close': 1.1657729148864746, 'High': 1.1659088134765625, 'Low': 1.1657729148864746, 'Open': 1.1659088134765625, 'Volume': 0.0}
2025-10-22 16:47:53,789 - INFO - Generating payload for candle at 2025-10-19 23:05:00+00:00. ctx_data length: 2. row_data: {'Adj Close': 1.1659088134765625, 'Close': 1.1659088134765625, 'High': 1.1659088134765625, 'Low': 1.1659088134765625, 'Open': 1.1659088134765625, 'Volume': 0.0}
2025-10-22 16:47:53,790 - INFO - Generating payload for candle at 2025-10-19 23:10:00+00:00. ctx_data length: 3. row_data: {'Adj Close': 1.1659088134765625, 'Close': 1.1659088134765625, 'High': 1.1659088134765625, 'Low': 1.1659088134765625, 'Open': 1.1659088134765625, 'Volume': 0.0}
2025-10-22 16:47:53,793 - INFO - Generating payload for candle at 2025-10-19 23:15:00+00:00. ctx_data length: 4. row_data: {'Adj Close': 1.1659088134765625, 'Close': 1.1659088134765625, 'High': 1.1659088134765625, 'Low': 1.1657729148864746, 'Open': 1.1659088134765625, 'Volume': 0.0}
2025-10-22 16:47:53,796 - INFO - Generating payload for candle at 2025-10-19 23:20:00+00:00. ctx_data length: 5. row_data: {'Adj Close': 1.1661807298660278, 'Close': 1.1661807298660278, 'High': 1.1661807298660278, 'Low': 1.1659088134765625, 'Open': 1.1659088134765625, 'Volume': 0.0}
2025-10-22 16:47:53,799 - INFO - Generating payload for candle at 2025-10-19 23:25:00+00:00. ctx_data length: 6. row_data: {'Adj Close': 1.1661807298660278, 'Close': 1.1661807298660278, 'High': 1.1663167476654053, 'Low': 1.1661807298660278, 'Open': 1.1661807298660278, 'Volume': 0.0}
2025-10-22 16:47:53,801 - INFO - Generating payload for candle at 2025-10-19 23:30:00+00:00. ctx_data length: 7. row_data: {'Adj Close': 1.1661807298660278, 'Close': 1.1661807298660278, 'High': 1.1661807298660278, 'Low': 1.1661807298660278, 'Open': 1.1661807298660278, 'Volume': 0.0}
2025-10-22 16:47:53,802 - INFO - Generating payload for candle at 2025-10-19 23:35:00+00:00. ctx_data length: 8. row_data: {'Adj Close': 1.1663167476654053, 'Close': 1.1663167476654053, 'High': 1.1663167476654053, 'Low': 1.1663167476654053, 'Open': 1.1663167476654053, 'Volume': 0.0}
2025-10-22 16:47:53,808 - INFO - Generating payload for candle at 2025-10-19 23:40:00+00:00. ctx_data length: 9. row_data: {'Adj Close': 1.1664528846740723, 'Close': 1.1664528846740723, 'High': 1.1664528846740723, 'Low': 1.1663167476654053, 'Open': 1.1663167476654053, 'Volume': 0.0}
2025-10-22 16:47:53,812 - INFO - Generating payload for candle at 2025-10-19 23:45:00+00:00. ctx_data length: 10. row_data: {'Adj Close': 1.1661807298660278, 'Close': 1.1661807298660278, 'High': 1.1663167476654053, 'Low': 1.1661807298660278, 'Open': 1.1663167476654053, 'Volume': 0.0}
2025-10-22 16:47:53,814 - INFO - Generating payload for candle at 2025-10-19 23:50:00+00:00. ctx_data length: 11. row_data: {'Adj Close': 1.1661807298660278, 'Close': 1.1661807298660278, 'High': 1.1663167476654053, 'Low': 1.1661807298660278, 'Open': 1.1663167476654053, 'Volume': 0.0}
2025-10-22 16:47:53,815 - INFO - Generating payload for candle at 2025-10-19 23:55:00+00:00. ctx_data length: 12. row_data: {'Adj Close': 1.1661807298660278, 'Close': 1.1661807298660278, 'High': 1.1661807298660278, 'Low': 1.16604483127594, 'Open': 1.1661807298660278, 'Volume': 0.0}
2025-10-22 16:47:53,817 - INFO - Generating payload for candle at 2025-10-20 00:00:00+00:00. ctx_data length: 13. row_data: {'Adj Close': 1.1661807298660278, 'Close': 1.1661807298660278, 'High': 1.1664528846740723, 'Low': 1.1661807298660278, 'Open': 1.1663167476654053, 'Volume': 0.0}
2025-10-22 16:47:53,819 - INFO - Generating payload for candle at 2025-10-20 00:05:00+00:00. ctx_data length: 14. row_data: {'Adj Close': 1.1665889024734497, 'Close': 1.1665889024734497, 'High': 1.1665889024734497, 'Low': 1.1663167476654053, 'Open': 1.1663167476654053, 'Volume': 0.0}
2025-10-22 16:47:53,821 - INFO - Generating payload for candle at 2025-10-20 00:10:00+00:00. ctx_data length: 15. row_data: {'Adj Close': 1.1663167476654053, 'Close': 1.1663167476654053, 'High': 1.1665889024734497, 'Low': 1.1663167476654053, 'Open': 1.1665889024734497, 'Volume': 0.0}
2025-10-22 16:47:53,824 - INFO - Generating payload for candle at 2025-10-20 00:15:00+00:00. ctx_data length: 16. row_data: {'Adj Close': 1.1663167476654053, 'Close': 1.1663167476654053, 'High': 1.1664528846740723, 'Low': 1.1661807298660278, 'Open': 1.1664528846740723, 'Volume': 0.0}
2025-10-22 16:47:53,826 - INFO - Generating payload for candle at 2025-10-20 00:20:00+00:00. ctx_data length: 17. row_data: {'Adj Close': 1.1665889024734497, 'Close': 1.1665889024734497, 'High': 1.1665889024734497, 'Low': 1.1663167476654053, 'Open': 1.1663167476654053, 'Volume': 0.0}
2025-10-22 16:47:53,827 - INFO - Generating payload for candle at 2025-10-20 00:25:00+00:00. ctx_data length: 18. row_data: {'Adj Close': 1.1663167476654053, 'Close': 1.1663167476654053, 'High': 1.1665889024734497, 'Low': 1.1663167476654053, 'Open': 1.1665889024734497, 'Volume': 0.0}
2025-10-22 16:47:53,829 - INFO - Generating payload for candle at 2025-10-20 00:30:00+00:00. ctx_data length: 19. row_data: {'Adj Close': 1.1664528846740723, 'Close': 1.1664528846740723, 'High': 1.1664528846740723, 'Low': 1.1661807298660278, 'Open': 1.1663167476654053, 'Volume': 0.0}
2025-10-22 16:47:53,830 - INFO - Generating payload for candle at 2025-10-20 00:35:00+00:00. ctx_data length: 20. row_data: {'Adj Close': 1.1665889024734497, 'Close': 1.1665889024734497, 'High': 1.1667250394821167, 'Low': 1.1664528846740723, 'Open': 1.1664528846740723, 'Volume': 0.0}
2025-10-22 16:47:53,832 - INFO - Generating payload for candle at 2025-10-20 00:40:00+00:00. ctx_data length: 21. row_data: {'Adj Close': 1.1665889024734497, 'Close': 1.1665889024734497, 'High': 1.1665889024734497, 'Low': 1.1664528846740723, 'Open': 1.1664528846740723, 'Volume': 0.0}
2025-10-22 16:47:53,834 - INFO - Generating payload for candle at 2025-10-20 00:45:00+00:00. ctx_data length: 22. row_data: {'Adj Close': 1.1667250394821167, 'Close': 1.1667250394821167, 'High': 1.1667250394821167, 'Low': 1.1667250394821167, 'Open': 1.1667250394821167, 'Volume': 0.0}
2025-10-22 16:47:53,837 - INFO - Generating payload for candle at 2025-10-20 00:50:00+00:00. ctx_data length: 23. row_data: {'Adj Close': 1.1667250394821167, 'Close': 1.1667250394821167, 'High': 1.1667250394821167, 'Low': 1.1665889024734497, 'Open': 1.1667250394821167, 'Volume': 0.0}
2025-10-22 16:47:53,840 - INFO - Generating payload for candle at 2025-10-20 00:55:00+00:00. ctx_data length: 24. row_data: {'Adj Close': 1.1669973134994507, 'Close': 1.1669973134994507, 'High': 1.1669973134994507, 'Low': 1.1665889024734497, 'Open': 1.1665889024734497, 'Volume': 0.0}
2025-10-22 16:47:53,842 - INFO - Generating payload for candle at 2025-10-20 01:00:00+00:00. ctx_data length: 25. row_data: {'Adj Close': 1.1668611764907837, 'Close': 1.1668611764907837, 'High': 1.1671334505081177, 'Low': 1.1668611764907837, 'Open': 1.1669973134994507, 'Volume': 0.0}
2025-10-22 16:47:53,844 - INFO - Generating payload for candle at 2025-10-20 01:05:00+00:00. ctx_data length: 26. row_data: {'Adj Close': 1.1669973134994507, 'Close': 1.1669973134994507, 'High': 1.1669973134994507, 'Low': 1.1668611764907837, 'Open': 1.1668611764907837, 'Volume': 0.0}
2025-10-22 16:47:53,845 - INFO - Generating payload for candle at 2025-10-20 01:10:00+00:00. ctx_data length: 27. row_data: {'Adj Close': 1.1669973134994507, 'Close': 1.1669973134994507, 'High': 1.1669973134994507, 'Low': 1.1668611764907837, 'Open': 1.1669973134994507, 'Volume': 0.0}
2025-10-22 16:47:53,847 - INFO - Generating payload for candle at 2025-10-20 01:15:00+00:00. ctx_data length: 28. row_data: {'Adj Close': 1.1669973134994507, 'Close': 1.1669973134994507, 'High': 1.1671334505081177, 'Low': 1.1669973134994507, 'Open': 1.1669973134994507, 'Volume': 0.0}
2025-10-22 16:47:53,848 - INFO - Generating payload for candle at 2025-10-20 01:20:00+00:00. ctx_data length: 29. row_data: {'Adj Close': 1.1668611764907837, 'Close': 1.1668611764907837, 'High': 1.1668611764907837, 'Low': 1.1667250394821167, 'Open': 1.1668611764907837, 'Volume': 0.0}
2025-10-22 16:47:53,850 - INFO - Generating payload for candle at 2025-10-20 01:25:00+00:00. ctx_data length: 30. row_data: {'Adj Close': 1.1665889024734497, 'Close': 1.1665889024734497, 'High': 1.1667250394821167, 'Low': 1.1665889024734497, 'Open': 1.1667250394821167, 'Volume': 0.0}
2025-10-22 16:47:53,852 - INFO - Generating payload for candle at 2025-10-20 01:30:00+00:00. ctx_data length: 31. row_data: {'Adj Close': 1.1664528846740723, 'Close': 1.1664528846740723, 'High': 1.1664528846740723, 'Low': 1.1664528846740723, 'Open': 1.1664528846740723, 'Volume': 0.0}
2025-10-22 16:47:53,857 - INFO - Generating payload for candle at 2025-10-20 01:35:00+00:00. ctx_data length: 32. row_data: {'Adj Close': 1.16604483127594, 'Close': 1.16604483127594, 'High': 1.1661807298660278, 'Low': 1.16604483127594, 'Open': 1.1661807298660278, 'Volume': 0.0}
2025-10-22 16:47:53,858 - INFO - Generating payload for candle at 2025-10-20 01:40:00+00:00. ctx_data length: 33. row_data: {'Adj Close': 1.1661807298660278, 'Close': 1.1661807298660278, 'High': 1.1661807298660278, 'Low': 1.16604483127594, 'Open': 1.16604483127594, 'Volume': 0.0}
2025-10-22 16:47:53,860 - INFO - Generating payload for candle at 2025-10-20 01:45:00+00:00. ctx_data length: 34. row_data: {'Adj Close': 1.1665889024734497, 'Close': 1.1665889024734497, 'High': 1.1665889024734497, 'Low': 1.1661807298660278, 'Open': 1.1661807298660278, 'Volume': 0.0}
2025-10-22 16:47:53,862 - INFO - Generating payload for candle at 2025-10-20 01:50:00+00:00. ctx_data length: 35. row_data: {'Adj Close': 1.1665889024734497, 'Close': 1.1665889024734497, 'High': 1.1667250394821167, 'Low': 1.1665889024734497, 'Open': 1.1665889024734497, 'Volume': 0.0}
2025-10-22 16:47:53,864 - INFO - Generating payload for candle at 2025-10-20 01:55:00+00:00. ctx_data length: 36. row_data: {'Adj Close': 1.1664528846740723, 'Close': 1.1664528846740723, 'High': 1.1665889024734497, 'Low': 1.1664528846740723, 'Open': 1.1665889024734497, 'Volume': 0.0}
2025-10-22 16:47:53,866 - INFO - Generating payload for candle at 2025-10-20 02:00:00+00:00. ctx_data length: 37. row_data: {'Adj Close': 1.1667250394821167, 'Close': 1.1667250394821167, 'High': 1.1667250394821167, 'Low': 1.1664528846740723, 'Open': 1.1664528846740723, 'Volume': 0.0}
2025-10-22 16:47:53,867 - INFO - Generating payload for candle at 2025-10-20 02:05:00+00:00. ctx_data length: 38. row_data: {'Adj Close': 1.1668611764907837, 'Close': 1.1668611764907837, 'High': 1.1669973134994507, 'Low': 1.1668611764907837, 'Open': 1.1668611764907837, 'Volume': 0.0}
2025-10-22 16:47:53,870 - INFO - Generating payload for candle at 2025-10-20 02:10:00+00:00. ctx_data length: 39. row_data: {'Adj Close': 1.1671334505081177, 'Close': 1.1671334505081177, 'High': 1.1671334505081177, 'Low': 1.1668611764907837, 'Open': 1.1668611764907837, 'Volume': 0.0}
2025-10-22 16:47:53,874 - INFO - Generating payload for candle at 2025-10-20 02:15:00+00:00. ctx_data length: 40. row_data: {'Adj Close': 1.1671334505081177, 'Close': 1.1671334505081177, 'High': 1.1671334505081177, 'Low': 1.1671334505081177, 'Open': 1.1671334505081177, 'Volume': 0.0}
2025-10-22 16:47:53,876 - INFO - Generating payload for candle at 2025-10-20 02:20:00+00:00. ctx_data length: 41. row_data: {'Adj Close': 1.1672697067260742, 'Close': 1.1672697067260742, 'High': 1.1672697067260742, 'Low': 1.1669973134994507, 'Open': 1.1671334505081177, 'Volume': 0.0}
2025-10-22 16:47:53,877 - INFO - Generating payload for candle at 2025-10-20 02:25:00+00:00. ctx_data length: 42. row_data: {'Adj Close': 1.1672697067260742, 'Close': 1.1672697067260742, 'High': 1.1672697067260742, 'Low': 1.1671334505081177, 'Open': 1.1672697067260742, 'Volume': 0.0}
2025-10-22 16:47:53,879 - INFO - Generating payload for candle at 2025-10-20 02:30:00+00:00. ctx_data length: 43. row_data: {'Adj Close': 1.1674060821533203, 'Close': 1.1674060821533203, 'High': 1.1674060821533203, 'Low': 1.1671334505081177, 'Open': 1.1671334505081177, 'Volume': 0.0}
2025-10-22 16:47:53,880 - INFO - Generating payload for candle at 2025-10-20 02:35:00+00:00. ctx_data length: 44. row_data: {'Adj Close': 1.1672697067260742, 'Close': 1.1672697067260742, 'High': 1.1674060821533203, 'Low': 1.1672697067260742, 'Open': 1.1672697067260742, 'Volume': 0.0}
2025-10-22 16:47:53,882 - INFO - Generating payload for candle at 2025-10-20 02:40:00+00:00. ctx_data length: 45. row_data: {'Adj Close': 1.1671334505081177, 'Close': 1.1671334505081177, 'High': 1.1672697067260742, 'Low': 1.1671334505081177, 'Open': 1.1672697067260742, 'Volume': 0.0}
2025-10-22 16:47:53,884 - INFO - Generating payload for candle at 2025-10-20 02:45:00+00:00. ctx_data length: 46. row_data: {'Adj Close': 1.1669973134994507, 'Close': 1.1669973134994507, 'High': 1.1669973134994507, 'Low': 1.1668611764907837, 'Open': 1.1669973134994507, 'Volume': 0.0}
2025-10-22 16:47:53,886 - INFO - Generating payload for candle at 2025-10-20 02:50:00+00:00. ctx_data length: 47. row_data: {'Adj Close': 1.1669973134994507, 'Close': 1.1669973134994507, 'High': 1.1669973134994507, 'Low': 1.1669973134994507, 'Open': 1.1669973134994507, 'Volume': 0.0}
2025-10-22 16:47:53,888 - INFO - Generating payload for candle at 2025-10-20 02:55:00+00:00. ctx_data length: 48. row_data: {'Adj Close': 1.1669973134994507, 'Close': 1.1669973134994507, 'High': 1.1669973134994507, 'Low': 1.1668611764907837, 'Open': 1.1668611764907837, 'Volume': 0.0}
2025-10-22 16:47:53,890 - INFO - Generating payload for candle at 2025-10-20 03:00:00+00:00. ctx_data length: 49. row_data: {'Adj Close': 1.1668611764907837, 'Close': 1.1668611764907837, 'High': 1.1668611764907837, 'Low': 1.1668611764907837, 'Open': 1.1668611764907837, 'Volume': 0.0}
2025-10-22 16:47:53,892 - INFO - Generating payload for candle at 2025-10-20 03:05:00+00:00. ctx_data length: 50. row_data: {'Adj Close': 1.1669973134994507, 'Close': 1.1669973134994507, 'High': 1.1669973134994507, 'Low': 1.1669973134994507, 'Open': 1.1669973134994507, 'Volume': 0.0}
2025-10-22 16:47:53,894 - INFO - Generating payload for candle at 2025-10-20 03:10:00+00:00. ctx_data length: 51. row_data: {'Adj Close': 1.1669973134994507, 'Close': 1.1669973134994507, 'High': 1.1671334505081177, 'Low': 1.1669973134994507, 'Open': 1.1671334505081177, 'Volume': 0.0}
2025-10-22 16:47:53,895 - INFO - Generating payload for candle at 2025-10-20 03:15:00+00:00. ctx_data length: 52. row_data: {'Adj Close': 1.1671334505081177, 'Close': 1.1671334505081177, 'High': 1.1671334505081177, 'Low': 1.1669973134994507, 'Open': 1.1669973134994507, 'Volume': 0.0}
2025-10-22 16:47:53,897 - INFO - Generating payload for candle at 2025-10-20 03:20:00+00:00. ctx_data length: 53. row_data: {'Adj Close': 1.1671334505081177, 'Close': 1.1671334505081177, 'High': 1.1671334505081177, 'Low': 1.1671334505081177, 'Open': 1.1671334505081177, 'Volume': 0.0}
2025-10-22 16:47:53,899 - INFO - Generating payload for candle at 2025-10-20 03:25:00+00:00. ctx_data length: 54. row_data: {'Adj Close': 1.1669973134994507, 'Close': 1.1669973134994507, 'High': 1.1671334505081177, 'Low': 1.1669973134994507, 'Open': 1.1671334505081177, 'Volume': 0.0}
2025-10-22 16:47:53,900 - INFO - Generating payload for candle at 2025-10-20 03:30:00+00:00. ctx_data length: 55. row_data: {'Adj Close': 1.1671334505081177, 'Close': 1.1671334505081177, 'High': 1.1671334505081177, 'Low': 1.1669973134994507, 'Open': 1.1669973134994507, 'Volume': 0.0}
2025-10-22 16:47:53,902 - INFO - Generating payload for candle at 2025-10-20 03:35:00+00:00. ctx_data length: 56. row_data: {'Adj Close': 1.1669973134994507, 'Close': 1.1669973134994507, 'High': 1.1671334505081177, 'Low': 1.1669973134994507, 'Open': 1.1671334505081177, 'Volume': 0.0}
2025-10-22 16:47:53,905 - INFO - Generating payload for candle at 2025-10-20 03:40:00+00:00. ctx_data length: 57. row_data: {'Adj Close': 1.1669973134994507, 'Close': 1.1669973134994507, 'High': 1.1669973134994507, 'Low': 1.1669973134994507, 'Open': 1.1669973134994507, 'Volume': 0.0}
2025-10-22 16:47:53,907 - INFO - Generating payload for candle at 2025-10-20 03:45:00+00:00. ctx_data length: 58. row_data: {'Adj Close': 1.1668611764907837, 'Close': 1.1668611764907837, 'High': 1.1669973134994507, 'Low': 1.1668611764907837, 'Open': 1.1669973134994507, 'Volume': 0.0}
2025-10-22 16:47:53,909 - INFO - Generating payload for candle at 2025-10-20 03:50:00+00:00. ctx_data length: 59. row_data: {'Adj Close': 1.1669973134994507, 'Close': 1.1669973134994507, 'High': 1.1671334505081177, 'Low': 1.1669973134994507, 'Open': 1.1669973134994507, 'Volume': 0.0}
2025-10-22 16:47:53,910 - INFO - Generating payload for candle at 2025-10-20 03:55:00+00:00. ctx_data length: 60. row_data: {'Adj Close': 1.1671334505081177, 'Close': 1.1671334505081177, 'High': 1.1671334505081177, 'Low': 1.1671334505081177, 'Open': 1.1671334505081177, 'Volume': 0.0}
2025-10-22 16:47:53,912 - INFO - Generating payload for candle at 2025-10-20 04:00:00+00:00. ctx_data length: 61. row_data: {'Adj Close': 1.1669973134994507, 'Close': 1.1669973134994507, 'High': 1.1671334505081177, 'Low': 1.1669973134994507, 'Open': 1.1671334505081177, 'Volume': 0.0}
2025-10-22 16:47:53,914 - INFO - Generating payload for candle at 2025-10-20 04:05:00+00:00. ctx_data length: 62. row_data: {'Adj Close': 1.1669973134994507, 'Close': 1.1669973134994507, 'High': 1.1669973134994507, 'Low': 1.1669973134994507, 'Open': 1.1669973134994507, 'Volume': 0.0}
2025-10-22 16:47:53,916 - INFO - Generating payload for candle at 2025-10-20 04:10:00+00:00. ctx_data length: 63. row_data: {'Adj Close': 1.1668611764907837, 'Close': 1.1668611764907837, 'High': 1.1669973134994507, 'Low': 1.1668611764907837, 'Open': 1.1669973134994507, 'Volume': 0.0}
2025-10-22 16:47:53,918 - INFO - Generating payload for candle at 2025-10-20 04:15:00+00:00. ctx_data length: 64. row_data: {'Adj Close': 1.1669973134994507, 'Close': 1.1669973134994507, 'High': 1.1669973134994507, 'Low': 1.1669973134994507, 'Open': 1.1669973134994507, 'Volume': 0.0}
2025-10-22 16:47:53,923 - INFO - Generating payload for candle at 2025-10-20 04:20:00+00:00. ctx_data length: 65. row_data: {'Adj Close': 1.1669973134994507, 'Close': 1.1669973134994507, 'High': 1.1669973134994507, 'Low': 1.1669973134994507, 'Open': 1.1669973134994507, 'Volume': 0.0}
2025-10-22 16:47:53,925 - INFO - Generating payload for candle at 2025-10-20 04:25:00+00:00. ctx_data length: 66. row_data: {'Adj Close': 1.1671334505081177, 'Close': 1.1671334505081177, 'High': 1.1672697067260742, 'Low': 1.1671334505081177, 'Open': 1.1671334505081177, 'Volume': 0.0}
2025-10-22 16:47:53,927 - INFO - Generating payload for candle at 2025-10-20 04:30:00+00:00. ctx_data length: 67. row_data: {'Adj Close': 1.1674060821533203, 'Close': 1.1674060821533203, 'High': 1.1674060821533203, 'Low': 1.1672697067260742, 'Open': 1.1672697067260742, 'Volume': 0.0}
2025-10-22 16:47:53,928 - INFO - Generating payload for candle at 2025-10-20 04:35:00+00:00. ctx_data length: 68. row_data: {'Adj Close': 1.1675423383712769, 'Close': 1.1675423383712769, 'High': 1.1675423383712769, 'Low': 1.1672697067260742, 'Open': 1.1672697067260742, 'Volume': 0.0}
2025-10-22 16:47:53,930 - INFO - Generating payload for candle at 2025-10-20 04:40:00+00:00. ctx_data length: 69. row_data: {'Adj Close': 1.1674060821533203, 'Close': 1.1674060821533203, 'High': 1.1674060821533203, 'Low': 1.1671334505081177, 'Open': 1.1672697067260742, 'Volume': 0.0}
2025-10-22 16:47:53,932 - INFO - Generating payload for candle at 2025-10-20 04:45:00+00:00. ctx_data length: 70. row_data: {'Adj Close': 1.1676785945892334, 'Close': 1.1676785945892334, 'High': 1.1676785945892334, 'Low': 1.1675423383712769, 'Open': 1.1675423383712769, 'Volume': 0.0}
2025-10-22 16:47:53,934 - INFO - Generating payload for candle at 2025-10-20 04:50:00+00:00. ctx_data length: 71. row_data: {'Adj Close': 1.1676785945892334, 'Close': 1.1676785945892334, 'High': 1.1676785945892334, 'Low': 1.1676785945892334, 'Open': 1.1676785945892334, 'Volume': 0.0}
2025-10-22 16:47:53,939 - INFO - Generating payload for candle at 2025-10-20 04:55:00+00:00. ctx_data length: 72. row_data: {'Adj Close': 1.1675423383712769, 'Close': 1.1675423383712769, 'High': 1.1676785945892334, 'Low': 1.1675423383712769, 'Open': 1.1676785945892334, 'Volume': 0.0}
2025-10-22 16:47:53,942 - INFO - Generating payload for candle at 2025-10-20 05:00:00+00:00. ctx_data length: 73. row_data: {'Adj Close': 1.1674060821533203, 'Close': 1.1674060821533203, 'High': 1.1674060821533203, 'Low': 1.1674060821533203, 'Open': 1.1674060821533203, 'Volume': 0.0}
2025-10-22 16:47:53,943 - INFO - Generating payload for candle at 2025-10-20 05:05:00+00:00. ctx_data length: 74. row_data: {'Adj Close': 1.1675423383712769, 'Close': 1.1675423383712769, 'High': 1.1675423383712769, 'Low': 1.1674060821533203, 'Open': 1.1674060821533203, 'Volume': 0.0}
2025-10-22 16:47:53,945 - INFO - Generating payload for candle at 2025-10-20 05:10:00+00:00. ctx_data length: 75. row_data: {'Adj Close': 1.1675423383712769, 'Close': 1.1675423383712769, 'High': 1.1675423383712769, 'Low': 1.1675423383712769, 'Open': 1.1675423383712769, 'Volume': 0.0}
2025-10-22 16:47:53,947 - INFO - Generating payload for candle at 2025-10-20 05:15:00+00:00. ctx_data length: 76. row_data: {'Adj Close': 1.1675423383712769, 'Close': 1.1675423383712769, 'High': 1.1676785945892334, 'Low': 1.1675423383712769, 'Open': 1.1675423383712769, 'Volume': 0.0}
2025-10-22 16:47:53,948 - INFO - Generating payload for candle at 2025-10-20 05:20:00+00:00. ctx_data length: 77. row_data: {'Adj Close': 1.1675423383712769, 'Close': 1.1675423383712769, 'High': 1.1675423383712769, 'Low': 1.1675423383712769, 'Open': 1.1675423383712769, 'Volume': 0.0}
2025-10-22 16:47:53,950 - INFO - Generating payload for candle at 2025-10-20 05:25:00+00:00. ctx_data length: 78. row_data: {'Adj Close': 1.1676785945892334, 'Close': 1.1676785945892334, 'High': 1.1676785945892334, 'Low': 1.1675423383712769, 'Open': 1.1675423383712769, 'Volume': 0.0}
2025-10-22 16:47:53,952 - INFO - Generating payload for candle at 2025-10-20 05:30:00+00:00. ctx_data length: 79. row_data: {'Adj Close': 1.1678149700164795, 'Close': 1.1678149700164795, 'High': 1.1678149700164795, 'Low': 1.1676785945892334, 'Open': 1.1676785945892334, 'Volume': 0.0}
2025-10-22 16:47:53,956 - INFO - Generating payload for candle at 2025-10-20 05:35:00+00:00. ctx_data length: 80. row_data: {'Adj Close': 1.1676785945892334, 'Close': 1.1676785945892334, 'High': 1.1679514646530151, 'Low': 1.1676785945892334, 'Open': 1.1679514646530151, 'Volume': 0.0}
2025-10-22 16:47:53,958 - INFO - Generating payload for candle at 2025-10-20 05:40:00+00:00. ctx_data length: 81. row_data: {'Adj Close': 1.1676785945892334, 'Close': 1.1676785945892334, 'High': 1.1678149700164795, 'Low': 1.1676785945892334, 'Open': 1.1676785945892334, 'Volume': 0.0}
2025-10-22 16:47:53,960 - INFO - Generating payload for candle at 2025-10-20 05:45:00+00:00. ctx_data length: 82. row_data: {'Adj Close': 1.1676785945892334, 'Close': 1.1676785945892334, 'High': 1.1678149700164795, 'Low': 1.1676785945892334, 'Open': 1.1676785945892334, 'Volume': 0.0}
2025-10-22 16:47:53,962 - INFO - Generating payload for candle at 2025-10-20 05:50:00+00:00. ctx_data length: 83. row_data: {'Adj Close': 1.1675423383712769, 'Close': 1.1675423383712769, 'High': 1.1678149700164795, 'Low': 1.1675423383712769, 'Open': 1.1678149700164795, 'Volume': 0.0}
2025-10-22 16:47:53,964 - INFO - Generating payload for candle at 2025-10-20 05:55:00+00:00. ctx_data length: 84. row_data: {'Adj Close': 1.1676785945892334, 'Close': 1.1676785945892334, 'High': 1.1676785945892334, 'Low': 1.1675423383712769, 'Open': 1.1675423383712769, 'Volume': 0.0}
2025-10-22 16:47:53,966 - INFO - Generating payload for candle at 2025-10-20 06:00:00+00:00. ctx_data length: 85. row_data: {'Adj Close': 1.1672697067260742, 'Close': 1.1672697067260742, 'High': 1.1674060821533203, 'Low': 1.1671334505081177, 'Open': 1.1674060821533203, 'Volume': 0.0}
2025-10-22 16:47:53,968 - INFO - Generating payload for candle at 2025-10-20 06:05:00+00:00. ctx_data length: 86. row_data: {'Adj Close': 1.1669973134994507, 'Close': 1.1669973134994507, 'High': 1.1671334505081177, 'Low': 1.1668611764907837, 'Open': 1.1671334505081177, 'Volume': 0.0}
2025-10-22 16:47:53,972 - INFO - Generating payload for candle at 2025-10-20 06:10:00+00:00. ctx_data length: 87. row_data: {'Adj Close': 1.1667250394821167, 'Close': 1.1667250394821167, 'High': 1.1668611764907837, 'Low': 1.1667250394821167, 'Open': 1.1668611764907837, 'Volume': 0.0}
2025-10-22 16:47:53,974 - INFO - Generating payload for candle at 2025-10-20 06:15:00+00:00. ctx_data length: 88. row_data: {'Adj Close': 1.1663167476654053, 'Close': 1.1663167476654053, 'High': 1.1667250394821167, 'Low': 1.1663167476654053, 'Open': 1.1667250394821167, 'Volume': 0.0}
2025-10-22 16:47:53,976 - INFO - Generating payload for candle at 2025-10-20 06:20:00+00:00. ctx_data length: 89. row_data: {'Adj Close': 1.1664528846740723, 'Close': 1.1664528846740723, 'High': 1.1664528846740723, 'Low': 1.1663167476654053, 'Open': 1.1663167476654053, 'Volume': 0.0}
2025-10-22 16:47:53,978 - INFO - Generating payload for candle at 2025-10-20 06:25:00+00:00. ctx_data length: 90. row_data: {'Adj Close': 1.1663167476654053, 'Close': 1.1663167476654053, 'High': 1.1664528846740723, 'Low': 1.1663167476654053, 'Open': 1.1664528846740723, 'Volume': 0.0}
2025-10-22 16:47:53,981 - INFO - Generating payload for candle at 2025-10-20 06:30:00+00:00. ctx_data length: 91. row_data: {'Adj Close': 1.1668611764907837, 'Close': 1.1668611764907837, 'High': 1.1668611764907837, 'Low': 1.1665889024734497, 'Open': 1.1665889024734497, 'Volume': 0.0}
2025-10-22 16:47:53,983 - INFO - Generating payload for candle at 2025-10-20 06:35:00+00:00. ctx_data length: 92. row_data: {'Adj Close': 1.1665889024734497, 'Close': 1.1665889024734497, 'High': 1.1668611764907837, 'Low': 1.1665889024734497, 'Open': 1.1668611764907837, 'Volume': 0.0}
2025-10-22 16:47:53,985 - INFO - Generating payload for candle at 2025-10-20 06:40:00+00:00. ctx_data length: 93. row_data: {'Adj Close': 1.1669973134994507, 'Close': 1.1669973134994507, 'High': 1.1669973134994507, 'Low': 1.1667250394821167, 'Open': 1.1667250394821167, 'Volume': 0.0}
2025-10-22 16:47:53,988 - INFO - Generating payload for candle at 2025-10-20 06:45:00+00:00. ctx_data length: 94. row_data: {'Adj Close': 1.1665889024734497, 'Close': 1.1665889024734497, 'High': 1.1669973134994507, 'Low': 1.1665889024734497, 'Open': 1.1669973134994507, 'Volume': 0.0}
2025-10-22 16:47:53,991 - INFO - Generating payload for candle at 2025-10-20 06:50:00+00:00. ctx_data length: 95. row_data: {'Adj Close': 1.1664528846740723, 'Close': 1.1664528846740723, 'High': 1.1664528846740723, 'Low': 1.1663167476654053, 'Open': 1.1664528846740723, 'Volume': 0.0}
2025-10-22 16:47:53,993 - INFO - Generating payload for candle at 2025-10-20 06:55:00+00:00. ctx_data length: 96. row_data: {'Adj Close': 1.1661807298660278, 'Close': 1.1661807298660278, 'High': 1.1663167476654053, 'Low': 1.16604483127594, 'Open': 1.1663167476654053, 'Volume': 0.0}
2025-10-22 16:47:53,995 - INFO - Generating payload for candle at 2025-10-20 07:00:00+00:00. ctx_data length: 97. row_data: {'Adj Close': 1.16604483127594, 'Close': 1.16604483127594, 'High': 1.1661807298660278, 'Low': 1.1659088134765625, 'Open': 1.1661807298660278, 'Volume': 0.0}
2025-10-22 16:47:53,997 - INFO - Generating payload for candle at 2025-10-20 07:05:00+00:00. ctx_data length: 98. row_data: {'Adj Close': 1.1663167476654053, 'Close': 1.1663167476654053, 'High': 1.1663167476654053, 'Low': 1.1657729148864746, 'Open': 1.1659088134765625, 'Volume': 0.0}
2025-10-22 16:47:53,999 - INFO - Generating payload for candle at 2025-10-20 07:10:00+00:00. ctx_data length: 99. row_data: {'Adj Close': 1.1665889024734497, 'Close': 1.1665889024734497, 'High': 1.1665889024734497, 'Low': 1.1661807298660278, 'Open': 1.1663167476654053, 'Volume': 0.0}
2025-10-22 16:47:54,001 - INFO - Generating payload for candle at 2025-10-20 07:15:00+00:00. ctx_data length: 100. row_data: {'Adj Close': 1.1665889024734497, 'Close': 1.1665889024734497, 'High': 1.1665889024734497, 'Low': 1.1664528846740723, 'Open': 1.1665889024734497, 'Volume': 0.0}
2025-10-22 16:47:54,004 - INFO - Generating payload for candle at 2025-10-20 07:20:00+00:00. ctx_data length: 101. row_data: {'Adj Close': 1.1665889024734497, 'Close': 1.1665889024734497, 'High': 1.1665889024734497, 'Low': 1.1664528846740723, 'Open': 1.1665889024734497, 'Volume': 0.0}
2025-10-22 16:47:54,006 - INFO - Generating payload for candle at 2025-10-20 07:25:00+00:00. ctx_data length: 102. row_data: {'Adj Close': 1.1668611764907837, 'Close': 1.1668611764907837, 'High': 1.1668611764907837, 'Low': 1.1665889024734497, 'Open': 1.1665889024734497, 'Volume': 0.0}
2025-10-22 16:47:54,009 - INFO - Generating payload for candle at 2025-10-20 07:30:00+00:00. ctx_data length: 103. row_data: {'Adj Close': 1.1669973134994507, 'Close': 1.1669973134994507, 'High': 1.1671334505081177, 'Low': 1.1667250394821167, 'Open': 1.1667250394821167, 'Volume': 0.0}
2025-10-22 16:47:54,011 - INFO - Generating payload for candle at 2025-10-20 07:35:00+00:00. ctx_data length: 104. row_data: {'Adj Close': 1.1667250394821167, 'Close': 1.1667250394821167, 'High': 1.1669973134994507, 'Low': 1.1665889024734497, 'Open': 1.1669973134994507, 'Volume': 0.0}
2025-10-22 16:47:54,012 - INFO - Generating payload for candle at 2025-10-20 07:40:00+00:00. ctx_data length: 105. row_data: {'Adj Close': 1.1668611764907837, 'Close': 1.1668611764907837, 'High': 1.1668611764907837, 'Low': 1.1668611764907837, 'Open': 1.1668611764907837, 'Volume': 0.0}
2025-10-22 16:47:54,015 - INFO - Generating payload for candle at 2025-10-20 07:45:00+00:00. ctx_data length: 106. row_data: {'Adj Close': 1.1665889024734497, 'Close': 1.1665889024734497, 'High': 1.1668611764907837, 'Low': 1.1665889024734497, 'Open': 1.1668611764907837, 'Volume': 0.0}
2025-10-22 16:47:54,017 - INFO - Generating payload for candle at 2025-10-20 07:50:00+00:00. ctx_data length: 107. row_data: {'Adj Close': 1.1665889024734497, 'Close': 1.1665889024734497, 'High': 1.1665889024734497, 'Low': 1.1665889024734497, 'Open': 1.1665889024734497, 'Volume': 0.0}
2025-10-22 16:47:54,019 - INFO - Generating payload for candle at 2025-10-20 07:55:00+00:00. ctx_data length: 108. row_data: {'Adj Close': 1.1665889024734497, 'Close': 1.1665889024734497, 'High': 1.1665889024734497, 'Low': 1.1663167476654053, 'Open': 1.1664528846740723, 'Volume': 0.0}
2025-10-22 16:47:54,021 - INFO - Generating payload for candle at 2025-10-20 08:00:00+00:00. ctx_data length: 109. row_data: {'Adj Close': 1.1665889024734497, 'Close': 1.1665889024734497, 'High': 1.1665889024734497, 'Low': 1.1663167476654053, 'Open': 1.1664528846740723, 'Volume': 0.0}
2025-10-22 16:47:54,024 - INFO - Generating payload for candle at 2025-10-20 08:05:00+00:00. ctx_data length: 110. row_data: {'Adj Close': 1.1665889024734497, 'Close': 1.1665889024734497, 'High': 1.1667250394821167, 'Low': 1.1664528846740723, 'Open': 1.1664528846740723, 'Volume': 0.0}
2025-10-22 16:47:54,026 - INFO - Generating payload for candle at 2025-10-20 08:10:00+00:00. ctx_data length: 111. row_data: {'Adj Close': 1.1668611764907837, 'Close': 1.1668611764907837, 'High': 1.1668611764907837, 'Low': 1.1667250394821167, 'Open': 1.1668611764907837, 'Volume': 0.0}
2025-10-22 16:47:54,028 - INFO - Generating payload for candle at 2025-10-20 08:15:00+00:00. ctx_data length: 112. row_data: {'Adj Close': 1.1667250394821167, 'Close': 1.1667250394821167, 'High': 1.1667250394821167, 'Low': 1.1665889024734497, 'Open': 1.1667250394821167, 'Volume': 0.0}
2025-10-22 16:47:54,029 - INFO - Generating payload for candle at 2025-10-20 08:20:00+00:00. ctx_data length: 113. row_data: {'Adj Close': 1.1665889024734497, 'Close': 1.1665889024734497, 'High': 1.1667250394821167, 'Low': 1.1665889024734497, 'Open': 1.1665889024734497, 'Volume': 0.0}
2025-10-22 16:47:54,032 - INFO - Generating payload for candle at 2025-10-20 08:25:00+00:00. ctx_data length: 114. row_data: {'Adj Close': 1.1668611764907837, 'Close': 1.1668611764907837, 'High': 1.1668611764907837, 'Low': 1.1667250394821167, 'Open': 1.1667250394821167, 'Volume': 0.0}
2025-10-22 16:47:54,034 - INFO - Generating payload for candle at 2025-10-20 08:30:00+00:00. ctx_data length: 115. row_data: {'Adj Close': 1.1668611764907837, 'Close': 1.1668611764907837, 'High': 1.1669973134994507, 'Low': 1.1668611764907837, 'Open': 1.1668611764907837, 'Volume': 0.0}
2025-10-22 16:47:54,036 - INFO - Generating payload for candle at 2025-10-20 08:35:00+00:00. ctx_data length: 116. row_data: {'Adj Close': 1.1665889024734497, 'Close': 1.1665889024734497, 'High': 1.1668611764907837, 'Low': 1.1665889024734497, 'Open': 1.1668611764907837, 'Volume': 0.0}
2025-10-22 16:47:54,038 - INFO - Generating payload for candle at 2025-10-20 08:40:00+00:00. ctx_data length: 117. row_data: {'Adj Close': 1.1665889024734497, 'Close': 1.1665889024734497, 'High': 1.1667250394821167, 'Low': 1.1665889024734497, 'Open': 1.1667250394821167, 'Volume': 0.0}
2025-10-22 16:47:54,041 - INFO - Generating payload for candle at 2025-10-20 08:45:00+00:00. ctx_data length: 118. row_data: {'Adj Close': 1.1667250394821167, 'Close': 1.1667250394821167, 'High': 1.1668611764907837, 'Low': 1.1665889024734497, 'Open': 1.1667250394821167, 'Volume': 0.0}
2025-10-22 16:47:54,043 - INFO - Generating payload for candle at 2025-10-20 08:50:00+00:00. ctx_data length: 119. row_data: {'Adj Close': 1.1664528846740723, 'Close': 1.1664528846740723, 'High': 1.1667250394821167, 'Low': 1.1664528846740723, 'Open': 1.1667250394821167, 'Volume': 0.0}
2025-10-22 16:47:54,045 - INFO - Generating payload for candle at 2025-10-20 08:55:00+00:00. ctx_data length: 120. row_data: {'Adj Close': 1.1667250394821167, 'Close': 1.1667250394821167, 'High': 1.1667250394821167, 'Low': 1.1664528846740723, 'Open': 1.1665889024734497, 'Volume': 0.0}
2025-10-22 16:47:54,048 - INFO - Generating payload for candle at 2025-10-20 09:00:00+00:00. ctx_data length: 121. row_data: {'Adj Close': 1.1667250394821167, 'Close': 1.1667250394821167, 'High': 1.1669973134994507, 'Low': 1.1667250394821167, 'Open': 1.1667250394821167, 'Volume': 0.0}
2025-10-22 16:47:54,049 - INFO - Generating payload for candle at 2025-10-20 09:05:00+00:00. ctx_data length: 122. row_data: {'Adj Close': 1.1665889024734497, 'Close': 1.1665889024734497, 'High': 1.1665889024734497, 'Low': 1.1663167476654053, 'Open': 1.1665889024734497, 'Volume': 0.0}
2025-10-22 16:47:54,051 - INFO - Generating payload for candle at 2025-10-20 09:10:00+00:00. ctx_data length: 123. row_data: {'Adj Close': 1.1663167476654053, 'Close': 1.1663167476654053, 'High': 1.1667250394821167, 'Low': 1.1663167476654053, 'Open': 1.1667250394821167, 'Volume': 0.0}
2025-10-22 16:47:54,053 - INFO - Generating payload for candle at 2025-10-20 09:15:00+00:00. ctx_data length: 124. row_data: {'Adj Close': 1.1665889024734497, 'Close': 1.1665889024734497, 'High': 1.1665889024734497, 'Low': 1.1663167476654053, 'Open': 1.1663167476654053, 'Volume': 0.0}
2025-10-22 16:47:54,057 - INFO - Generating payload for candle at 2025-10-20 09:20:00+00:00. ctx_data length: 125. row_data: {'Adj Close': 1.1665889024734497, 'Close': 1.1665889024734497, 'High': 1.1665889024734497, 'Low': 1.1665889024734497, 'Open': 1.1665889024734497, 'Volume': 0.0}
2025-10-22 16:47:54,059 - INFO - Generating payload for candle at 2025-10-20 09:25:00+00:00. ctx_data length: 126. row_data: {'Adj Close': 1.1664528846740723, 'Close': 1.1664528846740723, 'High': 1.1667250394821167, 'Low': 1.1664528846740723, 'Open': 1.1665889024734497, 'Volume': 0.0}
2025-10-22 16:47:54,061 - INFO - Generating payload for candle at 2025-10-20 09:30:00+00:00. ctx_data length: 127. row_data: {'Adj Close': 1.1668611764907837, 'Close': 1.1668611764907837, 'High': 1.1668611764907837, 'Low': 1.1664528846740723, 'Open': 1.1664528846740723, 'Volume': 0.0}
2025-10-22 16:47:54,063 - INFO - Generating payload for candle at 2025-10-20 09:35:00+00:00. ctx_data length: 128. row_data: {'Adj Close': 1.1669973134994507, 'Close': 1.1669973134994507, 'High': 1.1669973134994507, 'Low': 1.1668611764907837, 'Open': 1.1668611764907837, 'Volume': 0.0}
2025-10-22 16:47:54,065 - INFO - Generating payload for candle at 2025-10-20 09:40:00+00:00. ctx_data length: 129. row_data: {'Adj Close': 1.1668611764907837, 'Close': 1.1668611764907837, 'High': 1.1671334505081177, 'Low': 1.1668611764907837, 'Open': 1.1669973134994507, 'Volume': 0.0}
2025-10-22 16:47:54,067 - INFO - Generating payload for candle at 2025-10-20 09:45:00+00:00. ctx_data length: 130. row_data: {'Adj Close': 1.1669973134994507, 'Close': 1.1669973134994507, 'High': 1.1669973134994507, 'Low': 1.1669973134994507, 'Open': 1.1669973134994507, 'Volume': 0.0}
2025-10-22 16:47:54,068 - INFO - Generating payload for candle at 2025-10-20 09:50:00+00:00. ctx_data length: 131. row_data: {'Adj Close': 1.1667250394821167, 'Close': 1.1667250394821167, 'High': 1.1668611764907837, 'Low': 1.1667250394821167, 'Open': 1.1668611764907837, 'Volume': 0.0}
2025-10-22 16:47:54,070 - INFO - Generating payload for candle at 2025-10-20 09:55:00+00:00. ctx_data length: 132. row_data: {'Adj Close': 1.1665889024734497, 'Close': 1.1665889024734497, 'High': 1.1665889024734497, 'Low': 1.1664528846740723, 'Open': 1.1664528846740723, 'Volume': 0.0}
2025-10-22 16:47:54,074 - INFO - Generating payload for candle at 2025-10-20 10:00:00+00:00. ctx_data length: 133. row_data: {'Adj Close': 1.1661807298660278, 'Close': 1.1661807298660278, 'High': 1.1665889024734497, 'Low': 1.1661807298660278, 'Open': 1.1665889024734497, 'Volume': 0.0}
2025-10-22 16:47:54,079 - INFO - Generating payload for candle at 2025-10-20 10:05:00+00:00. ctx_data length: 134. row_data: {'Adj Close': 1.1661807298660278, 'Close': 1.1661807298660278, 'High': 1.1663167476654053, 'Low': 1.1661807298660278, 'Open': 1.1663167476654053, 'Volume': 0.0}
2025-10-22 16:47:54,080 - INFO - Trade 5a3fa9fa-f13a-4347-8d68-53ea5602d00a executed: SELL 105263.16 units of EURUSD=X @ 1.16618. Margin used: 4091.86
2025-10-22 16:47:54,082 - INFO - Generating payload for candle at 2025-10-20 10:10:00+00:00. ctx_data length: 135. row_data: {'Adj Close': 1.16604483127594, 'Close': 1.16604483127594, 'High': 1.16604483127594, 'Low': 1.1659088134765625, 'Open': 1.1659088134765625, 'Volume': 0.0}
2025-10-22 16:47:54,084 - INFO - Trade 203eaa39-d993-4d92-805f-27b0abbffaa2 executed: SELL 91743.12 units of EURUSD=X @ 1.16604. Margin used: 3565.87
2025-10-22 16:47:54,086 - INFO - Generating payload for candle at 2025-10-20 10:15:00+00:00. ctx_data length: 136. row_data: {'Adj Close': 1.1655012369155884, 'Close': 1.1655012369155884, 'High': 1.16604483127594, 'Low': 1.1655012369155884, 'Open': 1.16604483127594, 'Volume': 0.0}
2025-10-22 16:47:54,088 - INFO - Trade 04af1246-5168-4bc7-833c-336010d1c59c executed: SELL 61349.69 units of EURUSD=X @ 1.16550. Margin used: 2383.44
2025-10-22 16:47:54,091 - INFO - Generating payload for candle at 2025-10-20 10:20:00+00:00. ctx_data length: 137. row_data: {'Adj Close': 1.1656370162963867, 'Close': 1.1656370162963867, 'High': 1.1656370162963867, 'Low': 1.1655012369155884, 'Open': 1.1656370162963867, 'Volume': 0.0}
2025-10-22 16:47:54,094 - INFO - Trade 024210f9-141d-4149-adb5-d496a0939ff5 executed: SELL 67114.09 units of EURUSD=X @ 1.16564. Margin used: 2607.70
2025-10-22 16:47:54,097 - INFO - Generating payload for candle at 2025-10-20 10:25:00+00:00. ctx_data length: 138. row_data: {'Adj Close': 1.1657729148864746, 'Close': 1.1657729148864746, 'High': 1.1657729148864746, 'Low': 1.1655012369155884, 'Open': 1.1655012369155884, 'Volume': 0.0}
2025-10-22 16:47:54,100 - INFO - Generating payload for candle at 2025-10-20 10:30:00+00:00. ctx_data length: 139. row_data: {'Adj Close': 1.1659088134765625, 'Close': 1.1659088134765625, 'High': 1.1659088134765625, 'Low': 1.1656370162963867, 'Open': 1.1657729148864746, 'Volume': 0.0}
2025-10-22 16:47:54,102 - INFO - Generating payload for candle at 2025-10-20 10:35:00+00:00. ctx_data length: 140. row_data: {'Adj Close': 1.1659088134765625, 'Close': 1.1659088134765625, 'High': 1.1659088134765625, 'Low': 1.1657729148864746, 'Open': 1.1659088134765625, 'Volume': 0.0}
2025-10-22 16:47:54,105 - INFO - Generating payload for candle at 2025-10-20 10:40:00+00:00. ctx_data length: 141. row_data: {'Adj Close': 1.1657729148864746, 'Close': 1.1657729148864746, 'High': 1.1659088134765625, 'Low': 1.1656370162963867, 'Open': 1.1659088134765625, 'Volume': 0.0}
2025-10-22 16:47:54,111 - INFO - Generating payload for candle at 2025-10-20 10:45:00+00:00. ctx_data length: 142. row_data: {'Adj Close': 1.1659088134765625, 'Close': 1.1659088134765625, 'High': 1.1659088134765625, 'Low': 1.1657729148864746, 'Open': 1.1657729148864746, 'Volume': 0.0}
2025-10-22 16:47:54,114 - INFO - Generating payload for candle at 2025-10-20 10:50:00+00:00. ctx_data length: 143. row_data: {'Adj Close': 1.1657729148864746, 'Close': 1.1657729148864746, 'High': 1.1659088134765625, 'Low': 1.1657729148864746, 'Open': 1.1657729148864746, 'Volume': 0.0}
2025-10-22 16:47:54,117 - INFO - Generating payload for candle at 2025-10-20 10:55:00+00:00. ctx_data length: 144. row_data: {'Adj Close': 1.1657729148864746, 'Close': 1.1657729148864746, 'High': 1.1657729148864746, 'Low': 1.1657729148864746, 'Open': 1.1657729148864746, 'Volume': 0.0}
2025-10-22 16:47:54,120 - INFO - Generating payload for candle at 2025-10-20 11:00:00+00:00. ctx_data length: 145. row_data: {'Adj Close': 1.1656370162963867, 'Close': 1.1656370162963867, 'High': 1.1656370162963867, 'Low': 1.1655012369155884, 'Open': 1.1655012369155884, 'Volume': 0.0}
2025-10-22 16:47:54,123 - INFO - Generating payload for candle at 2025-10-20 11:05:00+00:00. ctx_data length: 146. row_data: {'Adj Close': 1.1656370162963867, 'Close': 1.1656370162963867, 'High': 1.1657729148864746, 'Low': 1.1656370162963867, 'Open': 1.1656370162963867, 'Volume': 0.0}
2025-10-22 16:47:54,129 - INFO - Generating payload for candle at 2025-10-20 11:10:00+00:00. ctx_data length: 147. row_data: {'Adj Close': 1.1656370162963867, 'Close': 1.1656370162963867, 'High': 1.1656370162963867, 'Low': 1.1655012369155884, 'Open': 1.1656370162963867, 'Volume': 0.0}
2025-10-22 16:47:54,133 - INFO - Generating payload for candle at 2025-10-20 11:15:00+00:00. ctx_data length: 148. row_data: {'Adj Close': 1.1656370162963867, 'Close': 1.1656370162963867, 'High': 1.1657729148864746, 'Low': 1.1656370162963867, 'Open': 1.1657729148864746, 'Volume': 0.0}
2025-10-22 16:47:54,135 - INFO - Generating payload for candle at 2025-10-20 11:20:00+00:00. ctx_data length: 149. row_data: {'Adj Close': 1.1655012369155884, 'Close': 1.1655012369155884, 'High': 1.1656370162963867, 'Low': 1.1653653383255005, 'Open': 1.1656370162963867, 'Volume': 0.0}
2025-10-22 16:47:54,137 - INFO - Generating payload for candle at 2025-10-20 11:25:00+00:00. ctx_data length: 150. row_data: {'Adj Close': 1.1656370162963867, 'Close': 1.1656370162963867, 'High': 1.1656370162963867, 'Low': 1.1655012369155884, 'Open': 1.1655012369155884, 'Volume': 0.0}
2025-10-22 16:47:54,140 - INFO - Generating payload for candle at 2025-10-20 11:30:00+00:00. ctx_data length: 151. row_data: {'Adj Close': 1.1652295589447021, 'Close': 1.1652295589447021, 'High': 1.1653653383255005, 'Low': 1.1650937795639038, 'Open': 1.1653653383255005, 'Volume': 0.0}
2025-10-22 16:47:54,145 - INFO - Generating payload for candle at 2025-10-20 11:35:00+00:00. ctx_data length: 152. row_data: {'Adj Close': 1.1653653383255005, 'Close': 1.1653653383255005, 'High': 1.1655012369155884, 'Low': 1.1653653383255005, 'Open': 1.1655012369155884, 'Volume': 0.0}
2025-10-22 16:47:54,147 - INFO - Generating payload for candle at 2025-10-20 11:40:00+00:00. ctx_data length: 153. row_data: {'Adj Close': 1.164958119392395, 'Close': 1.164958119392395, 'High': 1.164958119392395, 'Low': 1.1648223400115967, 'Open': 1.1648223400115967, 'Volume': 0.0}
2025-10-22 16:47:54,150 - INFO - Generating payload for candle at 2025-10-20 11:45:00+00:00. ctx_data length: 154. row_data: {'Adj Close': 1.1652295589447021, 'Close': 1.1652295589447021, 'High': 1.1652295589447021, 'Low': 1.1650937795639038, 'Open': 1.1650937795639038, 'Volume': 0.0}
2025-10-22 16:47:54,153 - INFO - Generating payload for candle at 2025-10-20 11:50:00+00:00. ctx_data length: 155. row_data: {'Adj Close': 1.1656370162963867, 'Close': 1.1656370162963867, 'High': 1.1656370162963867, 'Low': 1.1653653383255005, 'Open': 1.1653653383255005, 'Volume': 0.0}
2025-10-22 16:47:54,155 - INFO - Generating payload for candle at 2025-10-20 11:55:00+00:00. ctx_data length: 156. row_data: {'Adj Close': 1.1659088134765625, 'Close': 1.1659088134765625, 'High': 1.1659088134765625, 'Low': 1.1656370162963867, 'Open': 1.1656370162963867, 'Volume': 0.0}
2025-10-22 16:47:54,159 - INFO - Generating payload for candle at 2025-10-20 12:00:00+00:00. ctx_data length: 157. row_data: {'Adj Close': 1.16604483127594, 'Close': 1.16604483127594, 'High': 1.1661807298660278, 'Low': 1.1659088134765625, 'Open': 1.1661807298660278, 'Volume': 0.0}
2025-10-22 16:47:54,162 - INFO - Generating payload for candle at 2025-10-20 12:05:00+00:00. ctx_data length: 158. row_data: {'Adj Close': 1.1657729148864746, 'Close': 1.1657729148864746, 'High': 1.16604483127594, 'Low': 1.1657729148864746, 'Open': 1.16604483127594, 'Volume': 0.0}
2025-10-22 16:47:54,165 - INFO - Generating payload for candle at 2025-10-20 12:10:00+00:00. ctx_data length: 159. row_data: {'Adj Close': 1.1661807298660278, 'Close': 1.1661807298660278, 'High': 1.1661807298660278, 'Low': 1.1659088134765625, 'Open': 1.16604483127594, 'Volume': 0.0}
2025-10-22 16:47:54,167 - INFO - Generating payload for candle at 2025-10-20 12:15:00+00:00. ctx_data length: 160. row_data: {'Adj Close': 1.1661807298660278, 'Close': 1.1661807298660278, 'High': 1.1663167476654053, 'Low': 1.1661807298660278, 'Open': 1.1661807298660278, 'Volume': 0.0}
2025-10-22 16:47:54,170 - INFO - Generating payload for candle at 2025-10-20 12:20:00+00:00. ctx_data length: 161. row_data: {'Adj Close': 1.1661807298660278, 'Close': 1.1661807298660278, 'High': 1.1661807298660278, 'Low': 1.16604483127594, 'Open': 1.1661807298660278, 'Volume': 0.0}
2025-10-22 16:47:54,173 - INFO - Generating payload for candle at 2025-10-20 12:25:00+00:00. ctx_data length: 162. row_data: {'Adj Close': 1.1659088134765625, 'Close': 1.1659088134765625, 'High': 1.16604483127594, 'Low': 1.1659088134765625, 'Open': 1.16604483127594, 'Volume': 0.0}
2025-10-22 16:47:54,177 - INFO - Generating payload for candle at 2025-10-20 12:30:00+00:00. ctx_data length: 163. row_data: {'Adj Close': 1.1657729148864746, 'Close': 1.1657729148864746, 'High': 1.1657729148864746, 'Low': 1.1656370162963867, 'Open': 1.1656370162963867, 'Volume': 0.0}
2025-10-22 16:47:54,180 - INFO - Generating payload for candle at 2025-10-20 12:35:00+00:00. ctx_data length: 164. row_data: {'Adj Close': 1.1657729148864746, 'Close': 1.1657729148864746, 'High': 1.1657729148864746, 'Low': 1.1656370162963867, 'Open': 1.1656370162963867, 'Volume': 0.0}
2025-10-22 16:47:54,182 - INFO - Generating payload for candle at 2025-10-20 12:40:00+00:00. ctx_data length: 165. row_data: {'Adj Close': 1.1657729148864746, 'Close': 1.1657729148864746, 'High': 1.1659088134765625, 'Low': 1.1656370162963867, 'Open': 1.1659088134765625, 'Volume': 0.0}
2025-10-22 16:47:54,185 - INFO - Generating payload for candle at 2025-10-20 12:45:00+00:00. ctx_data length: 166. row_data: {'Adj Close': 1.1659088134765625, 'Close': 1.1659088134765625, 'High': 1.16604483127594, 'Low': 1.1657729148864746, 'Open': 1.1657729148864746, 'Volume': 0.0}
2025-10-22 16:47:54,187 - INFO - Generating payload for candle at 2025-10-20 12:50:00+00:00. ctx_data length: 167. row_data: {'Adj Close': 1.1657729148864746, 'Close': 1.1657729148864746, 'High': 1.1659088134765625, 'Low': 1.1656370162963867, 'Open': 1.1656370162963867, 'Volume': 0.0}
2025-10-22 16:47:54,190 - INFO - Generating payload for candle at 2025-10-20 12:55:00+00:00. ctx_data length: 168. row_data: {'Adj Close': 1.1656370162963867, 'Close': 1.1656370162963867, 'High': 1.1656370162963867, 'Low': 1.1655012369155884, 'Open': 1.1656370162963867, 'Volume': 0.0}
2025-10-22 16:47:54,194 - INFO - Generating payload for candle at 2025-10-20 13:00:00+00:00. ctx_data length: 169. row_data: {'Adj Close': 1.1656370162963867, 'Close': 1.1656370162963867, 'High': 1.1656370162963867, 'Low': 1.1655012369155884, 'Open': 1.1656370162963867, 'Volume': 0.0}
2025-10-22 16:47:54,197 - INFO - Generating payload for candle at 2025-10-20 13:05:00+00:00. ctx_data length: 170. row_data: {'Adj Close': 1.1655012369155884, 'Close': 1.1655012369155884, 'High': 1.1656370162963867, 'Low': 1.1655012369155884, 'Open': 1.1656370162963867, 'Volume': 0.0}
2025-10-22 16:47:54,199 - INFO - Generating payload for candle at 2025-10-20 13:10:00+00:00. ctx_data length: 171. row_data: {'Adj Close': 1.1653653383255005, 'Close': 1.1653653383255005, 'High': 1.1655012369155884, 'Low': 1.1653653383255005, 'Open': 1.1653653383255005, 'Volume': 0.0}
2025-10-22 16:47:54,202 - INFO - Generating payload for candle at 2025-10-20 13:15:00+00:00. ctx_data length: 172. row_data: {'Adj Close': 1.1652295589447021, 'Close': 1.1652295589447021, 'High': 1.1653653383255005, 'Low': 1.1650937795639038, 'Open': 1.1653653383255005, 'Volume': 0.0}
2025-10-22 16:47:54,204 - INFO - Generating payload for candle at 2025-10-20 13:20:00+00:00. ctx_data length: 173. row_data: {'Adj Close': 1.1652295589447021, 'Close': 1.1652295589447021, 'High': 1.1652295589447021, 'Low': 1.1650937795639038, 'Open': 1.1652295589447021, 'Volume': 0.0}
2025-10-22 16:47:54,207 - INFO - Generating payload for candle at 2025-10-20 13:25:00+00:00. ctx_data length: 174. row_data: {'Adj Close': 1.1656370162963867, 'Close': 1.1656370162963867, 'High': 1.1656370162963867, 'Low': 1.1653653383255005, 'Open': 1.1653653383255005, 'Volume': 0.0}
2025-10-22 16:47:54,212 - INFO - Generating payload for candle at 2025-10-20 13:30:00+00:00. ctx_data length: 175. row_data: {'Adj Close': 1.1652295589447021, 'Close': 1.1652295589447021, 'High': 1.1656370162963867, 'Low': 1.1652295589447021, 'Open': 1.1656370162963867, 'Volume': 0.0}
2025-10-22 16:47:54,214 - INFO - Generating payload for candle at 2025-10-20 13:35:00+00:00. ctx_data length: 176. row_data: {'Adj Close': 1.1655012369155884, 'Close': 1.1655012369155884, 'High': 1.1655012369155884, 'Low': 1.1650937795639038, 'Open': 1.1650937795639038, 'Volume': 0.0}
2025-10-22 16:47:54,217 - INFO - Generating payload for candle at 2025-10-20 13:40:00+00:00. ctx_data length: 177. row_data: {'Adj Close': 1.1652295589447021, 'Close': 1.1652295589447021, 'High': 1.1656370162963867, 'Low': 1.1652295589447021, 'Open': 1.1656370162963867, 'Volume': 0.0}
2025-10-22 16:47:54,219 - INFO - Generating payload for candle at 2025-10-20 13:45:00+00:00. ctx_data length: 178. row_data: {'Adj Close': 1.1650937795639038, 'Close': 1.1650937795639038, 'High': 1.1653653383255005, 'Low': 1.1650937795639038, 'Open': 1.1652295589447021, 'Volume': 0.0}
2025-10-22 16:47:54,222 - INFO - Generating payload for candle at 2025-10-20 13:50:00+00:00. ctx_data length: 179. row_data: {'Adj Close': 1.1650937795639038, 'Close': 1.1650937795639038, 'High': 1.1650937795639038, 'Low': 1.164958119392395, 'Open': 1.1650937795639038, 'Volume': 0.0}
2025-10-22 16:47:54,225 - INFO - Generating payload for candle at 2025-10-20 13:55:00+00:00. ctx_data length: 180. row_data: {'Adj Close': 1.1652295589447021, 'Close': 1.1652295589447021, 'High': 1.1652295589447021, 'Low': 1.1650937795639038, 'Open': 1.1650937795639038, 'Volume': 0.0}
2025-10-22 16:47:54,228 - INFO - Generating payload for candle at 2025-10-20 14:00:00+00:00. ctx_data length: 181. row_data: {'Adj Close': 1.1655012369155884, 'Close': 1.1655012369155884, 'High': 1.1655012369155884, 'Low': 1.1650937795639038, 'Open': 1.1652295589447021, 'Volume': 0.0}
2025-10-22 16:47:54,231 - INFO - Generating payload for candle at 2025-10-20 14:05:00+00:00. ctx_data length: 182. row_data: {'Adj Close': 1.1655012369155884, 'Close': 1.1655012369155884, 'High': 1.1656370162963867, 'Low': 1.1653653383255005, 'Open': 1.1653653383255005, 'Volume': 0.0}
2025-10-22 16:47:54,233 - INFO - Generating payload for candle at 2025-10-20 14:10:00+00:00. ctx_data length: 183. row_data: {'Adj Close': 1.1657729148864746, 'Close': 1.1657729148864746, 'High': 1.1657729148864746, 'Low': 1.1655012369155884, 'Open': 1.1655012369155884, 'Volume': 0.0}
2025-10-22 16:47:54,236 - INFO - Generating payload for candle at 2025-10-20 14:15:00+00:00. ctx_data length: 184. row_data: {'Adj Close': 1.16604483127594, 'Close': 1.16604483127594, 'High': 1.16604483127594, 'Low': 1.1657729148864746, 'Open': 1.1657729148864746, 'Volume': 0.0}
2025-10-22 16:47:54,239 - INFO - Generating payload for candle at 2025-10-20 14:20:00+00:00. ctx_data length: 185. row_data: {'Adj Close': 1.1661807298660278, 'Close': 1.1661807298660278, 'High': 1.1661807298660278, 'Low': 1.1659088134765625, 'Open': 1.1659088134765625, 'Volume': 0.0}
2025-10-22 16:47:54,242 - INFO - Generating payload for candle at 2025-10-20 14:25:00+00:00. ctx_data length: 186. row_data: {'Adj Close': 1.1661807298660278, 'Close': 1.1661807298660278, 'High': 1.1661807298660278, 'Low': 1.1661807298660278, 'Open': 1.1661807298660278, 'Volume': 0.0}
2025-10-22 16:47:54,246 - INFO - Generating payload for candle at 2025-10-20 14:30:00+00:00. ctx_data length: 187. row_data: {'Adj Close': 1.1661807298660278, 'Close': 1.1661807298660278, 'High': 1.1663167476654053, 'Low': 1.1661807298660278, 'Open': 1.1663167476654053, 'Volume': 0.0}
2025-10-22 16:47:54,249 - INFO - Generating payload for candle at 2025-10-20 14:35:00+00:00. ctx_data length: 188. row_data: {'Adj Close': 1.1665889024734497, 'Close': 1.1665889024734497, 'High': 1.1667250394821167, 'Low': 1.1663167476654053, 'Open': 1.1663167476654053, 'Volume': 0.0}
2025-10-22 16:47:54,251 - INFO - Trade 87f0ce0f-4dcb-4717-80d8-6c89b2ab2a70 executed: BUY 61349.69 units of EURUSD=X @ 1.16659. Margin used: 2385.66
2025-10-22 16:47:54,253 - INFO - Generating payload for candle at 2025-10-20 14:40:00+00:00. ctx_data length: 189. row_data: {'Adj Close': 1.1664528846740723, 'Close': 1.1664528846740723, 'High': 1.1665889024734497, 'Low': 1.1663167476654053, 'Open': 1.1665889024734497, 'Volume': 0.0}
2025-10-22 16:47:54,256 - INFO - Trade 6aa3f12a-70d4-4734-addb-c1a585df244d executed: BUY 67114.09 units of EURUSD=X @ 1.16645. Margin used: 2609.51
2025-10-22 16:47:54,258 - INFO - Generating payload for candle at 2025-10-20 14:45:00+00:00. ctx_data length: 190. row_data: {'Adj Close': 1.1663167476654053, 'Close': 1.1663167476654053, 'High': 1.1664528846740723, 'Low': 1.1663167476654053, 'Open': 1.1664528846740723, 'Volume': 0.0}
2025-10-22 16:47:54,263 - INFO - Generating payload for candle at 2025-10-20 14:50:00+00:00. ctx_data length: 191. row_data: {'Adj Close': 1.1659088134765625, 'Close': 1.1659088134765625, 'High': 1.1661807298660278, 'Low': 1.1659088134765625, 'Open': 1.1661807298660278, 'Volume': 0.0}
2025-10-22 16:47:54,266 - INFO - Generating payload for candle at 2025-10-20 14:55:00+00:00. ctx_data length: 192. row_data: {'Adj Close': 1.1656370162963867, 'Close': 1.1656370162963867, 'High': 1.1659088134765625, 'Low': 1.1656370162963867, 'Open': 1.1659088134765625, 'Volume': 0.0}
2025-10-22 16:47:54,269 - INFO - Generating payload for candle at 2025-10-20 15:00:00+00:00. ctx_data length: 193. row_data: {'Adj Close': 1.1656370162963867, 'Close': 1.1656370162963867, 'High': 1.1657729148864746, 'Low': 1.1656370162963867, 'Open': 1.1657729148864746, 'Volume': 0.0}
2025-10-22 16:47:54,272 - INFO - Generating payload for candle at 2025-10-20 15:05:00+00:00. ctx_data length: 194. row_data: {'Adj Close': 1.1656370162963867, 'Close': 1.1656370162963867, 'High': 1.1659088134765625, 'Low': 1.1656370162963867, 'Open': 1.1659088134765625, 'Volume': 0.0}
2025-10-22 16:47:54,277 - INFO - Generating payload for candle at 2025-10-20 15:10:00+00:00. ctx_data length: 195. row_data: {'Adj Close': 1.16604483127594, 'Close': 1.16604483127594, 'High': 1.16604483127594, 'Low': 1.1656370162963867, 'Open': 1.1656370162963867, 'Volume': 0.0}
2025-10-22 16:47:54,281 - INFO - Generating payload for candle at 2025-10-20 15:15:00+00:00. ctx_data length: 196. row_data: {'Adj Close': 1.1663167476654053, 'Close': 1.1663167476654053, 'High': 1.1663167476654053, 'Low': 1.16604483127594, 'Open': 1.16604483127594, 'Volume': 0.0}
2025-10-22 16:47:54,284 - INFO - Generating payload for candle at 2025-10-20 15:20:00+00:00. ctx_data length: 197. row_data: {'Adj Close': 1.1667250394821167, 'Close': 1.1667250394821167, 'High': 1.1667250394821167, 'Low': 1.1664528846740723, 'Open': 1.1664528846740723, 'Volume': 0.0}
2025-10-22 16:47:54,287 - INFO - Generating payload for candle at 2025-10-20 15:25:00+00:00. ctx_data length: 198. row_data: {'Adj Close': 1.1665889024734497, 'Close': 1.1665889024734497, 'High': 1.1667250394821167, 'Low': 1.1665889024734497, 'Open': 1.1665889024734497, 'Volume': 0.0}
2025-10-22 16:47:54,290 - INFO - Generating payload for candle at 2025-10-20 15:30:00+00:00. ctx_data length: 199. row_data: {'Adj Close': 1.1664528846740723, 'Close': 1.1664528846740723, 'High': 1.1665889024734497, 'Low': 1.1664528846740723, 'Open': 1.1665889024734497, 'Volume': 0.0}
2025-10-22 16:47:54,294 - INFO - Generating payload for candle at 2025-10-20 15:35:00+00:00. ctx_data length: 200. row_data: {'Adj Close': 1.1663167476654053, 'Close': 1.1663167476654053, 'High': 1.1664528846740723, 'Low': 1.1663167476654053, 'Open': 1.1664528846740723, 'Volume': 0.0}
2025-10-22 16:47:54,298 - INFO - Generating payload for candle at 2025-10-20 15:40:00+00:00. ctx_data length: 201. row_data: {'Adj Close': 1.1661807298660278, 'Close': 1.1661807298660278, 'High': 1.1664528846740723, 'Low': 1.1661807298660278, 'Open': 1.1663167476654053, 'Volume': 0.0}
2025-10-22 16:47:54,301 - INFO - Generating payload for candle at 2025-10-20 15:45:00+00:00. ctx_data length: 202. row_data: {'Adj Close': 1.16604483127594, 'Close': 1.16604483127594, 'High': 1.16604483127594, 'Low': 1.1659088134765625, 'Open': 1.16604483127594, 'Volume': 0.0}
2025-10-22 16:47:54,304 - INFO - Generating payload for candle at 2025-10-20 15:50:00+00:00. ctx_data length: 203. row_data: {'Adj Close': 1.1661807298660278, 'Close': 1.1661807298660278, 'High': 1.1661807298660278, 'Low': 1.1659088134765625, 'Open': 1.1659088134765625, 'Volume': 0.0}
2025-10-22 16:47:54,306 - INFO - Generating payload for candle at 2025-10-20 15:55:00+00:00. ctx_data length: 204. row_data: {'Adj Close': 1.1659088134765625, 'Close': 1.1659088134765625, 'High': 1.1659088134765625, 'Low': 1.1657729148864746, 'Open': 1.1659088134765625, 'Volume': 0.0}
2025-10-22 16:47:54,310 - INFO - Generating payload for candle at 2025-10-20 16:00:00+00:00. ctx_data length: 205. row_data: {'Adj Close': 1.1659088134765625, 'Close': 1.1659088134765625, 'High': 1.1659088134765625, 'Low': 1.1657729148864746, 'Open': 1.1657729148864746, 'Volume': 0.0}
2025-10-22 16:47:54,314 - INFO - Generating payload for candle at 2025-10-20 16:05:00+00:00. ctx_data length: 206. row_data: {'Adj Close': 1.1659088134765625, 'Close': 1.1659088134765625, 'High': 1.16604483127594, 'Low': 1.1659088134765625, 'Open': 1.16604483127594, 'Volume': 0.0}
2025-10-22 16:47:54,317 - INFO - Generating payload for candle at 2025-10-20 16:10:00+00:00. ctx_data length: 207. row_data: {'Adj Close': 1.1659088134765625, 'Close': 1.1659088134765625, 'High': 1.1659088134765625, 'Low': 1.1657729148864746, 'Open': 1.1659088134765625, 'Volume': 0.0}
2025-10-22 16:47:54,320 - INFO - Generating payload for candle at 2025-10-20 16:15:00+00:00. ctx_data length: 208. row_data: {'Adj Close': 1.16604483127594, 'Close': 1.16604483127594, 'High': 1.16604483127594, 'Low': 1.1656370162963867, 'Open': 1.1656370162963867, 'Volume': 0.0}
2025-10-22 16:47:54,323 - INFO - Generating payload for candle at 2025-10-20 16:20:00+00:00. ctx_data length: 209. row_data: {'Adj Close': 1.1655012369155884, 'Close': 1.1655012369155884, 'High': 1.16604483127594, 'Low': 1.1655012369155884, 'Open': 1.16604483127594, 'Volume': 0.0}
2025-10-22 16:47:54,326 - INFO - Generating payload for candle at 2025-10-20 16:25:00+00:00. ctx_data length: 210. row_data: {'Adj Close': 1.1655012369155884, 'Close': 1.1655012369155884, 'High': 1.1656370162963867, 'Low': 1.1655012369155884, 'Open': 1.1655012369155884, 'Volume': 0.0}
2025-10-22 16:47:54,330 - INFO - Generating payload for candle at 2025-10-20 16:30:00+00:00. ctx_data length: 211. row_data: {'Adj Close': 1.1656370162963867, 'Close': 1.1656370162963867, 'High': 1.1656370162963867, 'Low': 1.1655012369155884, 'Open': 1.1655012369155884, 'Volume': 0.0}
2025-10-22 16:47:54,333 - INFO - Generating payload for candle at 2025-10-20 16:35:00+00:00. ctx_data length: 212. row_data: {'Adj Close': 1.1656370162963867, 'Close': 1.1656370162963867, 'High': 1.1657729148864746, 'Low': 1.1656370162963867, 'Open': 1.1657729148864746, 'Volume': 0.0}
2025-10-22 16:47:54,337 - INFO - Generating payload for candle at 2025-10-20 16:40:00+00:00. ctx_data length: 213. row_data: {'Adj Close': 1.1655012369155884, 'Close': 1.1655012369155884, 'High': 1.1656370162963867, 'Low': 1.1655012369155884, 'Open': 1.1656370162963867, 'Volume': 0.0}
2025-10-22 16:47:54,339 - INFO - Generating payload for candle at 2025-10-20 16:45:00+00:00. ctx_data length: 214. row_data: {'Adj Close': 1.1656370162963867, 'Close': 1.1656370162963867, 'High': 1.1656370162963867, 'Low': 1.1655012369155884, 'Open': 1.1655012369155884, 'Volume': 0.0}
2025-10-22 16:47:54,342 - INFO - Generating payload for candle at 2025-10-20 16:50:00+00:00. ctx_data length: 215. row_data: {'Adj Close': 1.1653653383255005, 'Close': 1.1653653383255005, 'High': 1.1655012369155884, 'Low': 1.1653653383255005, 'Open': 1.1655012369155884, 'Volume': 0.0}
2025-10-22 16:47:54,346 - INFO - Generating payload for candle at 2025-10-20 16:55:00+00:00. ctx_data length: 216. row_data: {'Adj Close': 1.1653653383255005, 'Close': 1.1653653383255005, 'High': 1.1653653383255005, 'Low': 1.1653653383255005, 'Open': 1.1653653383255005, 'Volume': 0.0}
2025-10-22 16:47:54,349 - INFO - Generating payload for candle at 2025-10-20 17:00:00+00:00. ctx_data length: 217. row_data: {'Adj Close': 1.1655012369155884, 'Close': 1.1655012369155884, 'High': 1.1655012369155884, 'Low': 1.1652295589447021, 'Open': 1.1652295589447021, 'Volume': 0.0}
2025-10-22 16:47:54,352 - INFO - Generating payload for candle at 2025-10-20 17:05:00+00:00. ctx_data length: 218. row_data: {'Adj Close': 1.1655012369155884, 'Close': 1.1655012369155884, 'High': 1.1656370162963867, 'Low': 1.1655012369155884, 'Open': 1.1655012369155884, 'Volume': 0.0}
2025-10-22 16:47:54,355 - INFO - Generating payload for candle at 2025-10-20 17:10:00+00:00. ctx_data length: 219. row_data: {'Adj Close': 1.1653653383255005, 'Close': 1.1653653383255005, 'High': 1.1655012369155884, 'Low': 1.1653653383255005, 'Open': 1.1655012369155884, 'Volume': 0.0}
2025-10-22 16:47:54,358 - INFO - Generating payload for candle at 2025-10-20 17:15:00+00:00. ctx_data length: 220. row_data: {'Adj Close': 1.1652295589447021, 'Close': 1.1652295589447021, 'High': 1.1653653383255005, 'Low': 1.1652295589447021, 'Open': 1.1653653383255005, 'Volume': 0.0}
2025-10-22 16:47:54,362 - INFO - Generating payload for candle at 2025-10-20 17:20:00+00:00. ctx_data length: 221. row_data: {'Adj Close': 1.1650937795639038, 'Close': 1.1650937795639038, 'High': 1.1652295589447021, 'Low': 1.1650937795639038, 'Open': 1.1650937795639038, 'Volume': 0.0}
2025-10-22 16:47:54,365 - INFO - Generating payload for candle at 2025-10-20 17:25:00+00:00. ctx_data length: 222. row_data: {'Adj Close': 1.1652295589447021, 'Close': 1.1652295589447021, 'High': 1.1652295589447021, 'Low': 1.1652295589447021, 'Open': 1.1652295589447021, 'Volume': 0.0}
2025-10-22 16:47:54,368 - INFO - Generating payload for candle at 2025-10-20 17:30:00+00:00. ctx_data length: 223. row_data: {'Adj Close': 1.1650937795639038, 'Close': 1.1650937795639038, 'High': 1.1652295589447021, 'Low': 1.1650937795639038, 'Open': 1.1652295589447021, 'Volume': 0.0}
2025-10-22 16:47:54,372 - INFO - Trade 87f0ce0f-4dcb-4717-80d8-6c89b2ab2a70 closed (Stop Loss hit (BUY)): BUY EURUSD=X Entry @ 1.16659, Close @ 1.16496. Profit: -100.00. New Balance: 9900.00
2025-10-22 16:47:54,373 - INFO - Trade 6aa3f12a-70d4-4734-addb-c1a585df244d closed (Stop Loss hit (BUY)): BUY EURUSD=X Entry @ 1.16645, Close @ 1.16496. Profit: -100.00. New Balance: 9800.00
2025-10-22 16:47:54,374 - INFO - Generating payload for candle at 2025-10-20 17:35:00+00:00. ctx_data length: 224. row_data: {'Adj Close': 1.1648223400115967, 'Close': 1.1648223400115967, 'High': 1.164958119392395, 'Low': 1.1648223400115967, 'Open': 1.164958119392395, 'Volume': 0.0}
2025-10-22 16:47:54,377 - INFO - Generating payload for candle at 2025-10-20 17:40:00+00:00. ctx_data length: 225. row_data: {'Adj Close': 1.164686679840088, 'Close': 1.164686679840088, 'High': 1.1648223400115967, 'Low': 1.1645511388778687, 'Open': 1.1648223400115967, 'Volume': 0.0}
2025-10-22 16:47:54,381 - INFO - Generating payload for candle at 2025-10-20 17:45:00+00:00. ctx_data length: 226. row_data: {'Adj Close': 1.1648223400115967, 'Close': 1.1648223400115967, 'High': 1.1648223400115967, 'Low': 1.164686679840088, 'Open': 1.1648223400115967, 'Volume': 0.0}
2025-10-22 16:47:54,384 - INFO - Generating payload for candle at 2025-10-20 17:50:00+00:00. ctx_data length: 227. row_data: {'Adj Close': 1.164686679840088, 'Close': 1.164686679840088, 'High': 1.1648223400115967, 'Low': 1.1645511388778687, 'Open': 1.1648223400115967, 'Volume': 0.0}
2025-10-22 16:47:54,387 - INFO - Generating payload for candle at 2025-10-20 17:55:00+00:00. ctx_data length: 228. row_data: {'Adj Close': 1.164686679840088, 'Close': 1.164686679840088, 'High': 1.164686679840088, 'Low': 1.164686679840088, 'Open': 1.164686679840088, 'Volume': 0.0}
2025-10-22 16:47:54,389 - INFO - Generating payload for candle at 2025-10-20 18:00:00+00:00. ctx_data length: 229. row_data: {'Adj Close': 1.164686679840088, 'Close': 1.164686679840088, 'High': 1.164686679840088, 'Low': 1.1645511388778687, 'Open': 1.1645511388778687, 'Volume': 0.0}
2025-10-22 16:47:54,392 - INFO - Generating payload for candle at 2025-10-20 18:05:00+00:00. ctx_data length: 230. row_data: {'Adj Close': 1.1645511388778687, 'Close': 1.1645511388778687, 'High': 1.1645511388778687, 'Low': 1.1645511388778687, 'Open': 1.1645511388778687, 'Volume': 0.0}
2025-10-22 16:47:54,396 - INFO - Generating payload for candle at 2025-10-20 18:10:00+00:00. ctx_data length: 231. row_data: {'Adj Close': 1.1645511388778687, 'Close': 1.1645511388778687, 'High': 1.1645511388778687, 'Low': 1.1644154787063599, 'Open': 1.1644154787063599, 'Volume': 0.0}
2025-10-22 16:47:54,400 - INFO - Generating payload for candle at 2025-10-20 18:15:00+00:00. ctx_data length: 232. row_data: {'Adj Close': 1.1644154787063599, 'Close': 1.1644154787063599, 'High': 1.1645511388778687, 'Low': 1.1642799377441406, 'Open': 1.1645511388778687, 'Volume': 0.0}
2025-10-22 16:47:54,402 - INFO - Generating payload for candle at 2025-10-20 18:20:00+00:00. ctx_data length: 233. row_data: {'Adj Close': 1.1644154787063599, 'Close': 1.1644154787063599, 'High': 1.1645511388778687, 'Low': 1.1644154787063599, 'Open': 1.1644154787063599, 'Volume': 0.0}
2025-10-22 16:47:54,405 - INFO - Generating payload for candle at 2025-10-20 18:25:00+00:00. ctx_data length: 234. row_data: {'Adj Close': 1.1645511388778687, 'Close': 1.1645511388778687, 'High': 1.1645511388778687, 'Low': 1.1644154787063599, 'Open': 1.1644154787063599, 'Volume': 0.0}
2025-10-22 16:47:54,408 - INFO - Generating payload for candle at 2025-10-20 18:30:00+00:00. ctx_data length: 235. row_data: {'Adj Close': 1.1648223400115967, 'Close': 1.1648223400115967, 'High': 1.1648223400115967, 'Low': 1.1645511388778687, 'Open': 1.1645511388778687, 'Volume': 0.0}
2025-10-22 16:47:54,411 - INFO - Generating payload for candle at 2025-10-20 18:35:00+00:00. ctx_data length: 236. row_data: {'Adj Close': 1.164958119392395, 'Close': 1.164958119392395, 'High': 1.164958119392395, 'Low': 1.1648223400115967, 'Open': 1.1648223400115967, 'Volume': 0.0}
2025-10-22 16:47:54,415 - INFO - Generating payload for candle at 2025-10-20 18:40:00+00:00. ctx_data length: 237. row_data: {'Adj Close': 1.164686679840088, 'Close': 1.164686679840088, 'High': 1.164958119392395, 'Low': 1.164686679840088, 'Open': 1.164958119392395, 'Volume': 0.0}
2025-10-22 16:47:54,418 - INFO - Generating payload for candle at 2025-10-20 18:45:00+00:00. ctx_data length: 238. row_data: {'Adj Close': 1.1648223400115967, 'Close': 1.1648223400115967, 'High': 1.1648223400115967, 'Low': 1.164686679840088, 'Open': 1.164686679840088, 'Volume': 0.0}
2025-10-22 16:47:54,421 - INFO - Generating payload for candle at 2025-10-20 18:50:00+00:00. ctx_data length: 239. row_data: {'Adj Close': 1.1648223400115967, 'Close': 1.1648223400115967, 'High': 1.1648223400115967, 'Low': 1.164686679840088, 'Open': 1.1648223400115967, 'Volume': 0.0}
2025-10-22 16:47:54,423 - INFO - Generating payload for candle at 2025-10-20 18:55:00+00:00. ctx_data length: 240. row_data: {'Adj Close': 1.164958119392395, 'Close': 1.164958119392395, 'High': 1.1650937795639038, 'Low': 1.164958119392395, 'Open': 1.164958119392395, 'Volume': 0.0}
2025-10-22 16:47:54,426 - INFO - Generating payload for candle at 2025-10-20 19:00:00+00:00. ctx_data length: 241. row_data: {'Adj Close': 1.164958119392395, 'Close': 1.164958119392395, 'High': 1.1650937795639038, 'Low': 1.164958119392395, 'Open': 1.1650937795639038, 'Volume': 0.0}
2025-10-22 16:47:54,433 - INFO - Generating payload for candle at 2025-10-20 19:05:00+00:00. ctx_data length: 242. row_data: {'Adj Close': 1.1650937795639038, 'Close': 1.1650937795639038, 'High': 1.1652295589447021, 'Low': 1.1650937795639038, 'Open': 1.1650937795639038, 'Volume': 0.0}
2025-10-22 16:47:54,436 - INFO - Generating payload for candle at 2025-10-20 19:10:00+00:00. ctx_data length: 243. row_data: {'Adj Close': 1.1650937795639038, 'Close': 1.1650937795639038, 'High': 1.1650937795639038, 'Low': 1.1650937795639038, 'Open': 1.1650937795639038, 'Volume': 0.0}
2025-10-22 16:47:54,438 - INFO - Generating payload for candle at 2025-10-20 19:15:00+00:00. ctx_data length: 244. row_data: {'Adj Close': 1.164958119392395, 'Close': 1.164958119392395, 'High': 1.1650937795639038, 'Low': 1.164958119392395, 'Open': 1.1650937795639038, 'Volume': 0.0}
2025-10-22 16:47:54,441 - INFO - Generating payload for candle at 2025-10-20 19:20:00+00:00. ctx_data length: 245. row_data: {'Adj Close': 1.164958119392395, 'Close': 1.164958119392395, 'High': 1.164958119392395, 'Low': 1.164958119392395, 'Open': 1.164958119392395, 'Volume': 0.0}
2025-10-22 16:47:54,444 - INFO - Generating payload for candle at 2025-10-20 19:25:00+00:00. ctx_data length: 246. row_data: {'Adj Close': 1.164958119392395, 'Close': 1.164958119392395, 'High': 1.164958119392395, 'Low': 1.164958119392395, 'Open': 1.164958119392395, 'Volume': 0.0}
2025-10-22 16:47:54,449 - INFO - Generating payload for candle at 2025-10-20 19:30:00+00:00. ctx_data length: 247. row_data: {'Adj Close': 1.164686679840088, 'Close': 1.164686679840088, 'High': 1.164958119392395, 'Low': 1.164686679840088, 'Open': 1.164958119392395, 'Volume': 0.0}
2025-10-22 16:47:54,453 - INFO - Generating payload for candle at 2025-10-20 19:35:00+00:00. ctx_data length: 248. row_data: {'Adj Close': 1.164686679840088, 'Close': 1.164686679840088, 'High': 1.164686679840088, 'Low': 1.164686679840088, 'Open': 1.164686679840088, 'Volume': 0.0}
2025-10-22 16:47:54,455 - INFO - Generating payload for candle at 2025-10-20 19:40:00+00:00. ctx_data length: 249. row_data: {'Adj Close': 1.164686679840088, 'Close': 1.164686679840088, 'High': 1.1648223400115967, 'Low': 1.1645511388778687, 'Open': 1.164686679840088, 'Volume': 0.0}
2025-10-22 16:47:54,458 - INFO - Generating payload for candle at 2025-10-20 19:45:00+00:00. ctx_data length: 250. row_data: {'Adj Close': 1.164686679840088, 'Close': 1.164686679840088, 'High': 1.164686679840088, 'Low': 1.164686679840088, 'Open': 1.164686679840088, 'Volume': 0.0}
2025-10-22 16:47:54,461 - INFO - Generating payload for candle at 2025-10-20 19:50:00+00:00. ctx_data length: 251. row_data: {'Adj Close': 1.1645511388778687, 'Close': 1.1645511388778687, 'High': 1.164686679840088, 'Low': 1.1645511388778687, 'Open': 1.164686679840088, 'Volume': 0.0}
2025-10-22 16:47:54,464 - INFO - Generating payload for candle at 2025-10-20 19:55:00+00:00. ctx_data length: 252. row_data: {'Adj Close': 1.1644154787063599, 'Close': 1.1644154787063599, 'High': 1.1644154787063599, 'Low': 1.1644154787063599, 'Open': 1.1644154787063599, 'Volume': 0.0}
2025-10-22 16:47:54,468 - INFO - Generating payload for candle at 2025-10-20 20:00:00+00:00. ctx_data length: 253. row_data: {'Adj Close': 1.1648223400115967, 'Close': 1.1648223400115967, 'High': 1.1648223400115967, 'Low': 1.1644154787063599, 'Open': 1.1644154787063599, 'Volume': 0.0}
2025-10-22 16:47:54,470 - INFO - Generating payload for candle at 2025-10-20 20:05:00+00:00. ctx_data length: 254. row_data: {'Adj Close': 1.164686679840088, 'Close': 1.164686679840088, 'High': 1.164686679840088, 'Low': 1.164686679840088, 'Open': 1.164686679840088, 'Volume': 0.0}
2025-10-22 16:47:54,473 - INFO - Generating payload for candle at 2025-10-20 20:10:00+00:00. ctx_data length: 255. row_data: {'Adj Close': 1.1644154787063599, 'Close': 1.1644154787063599, 'High': 1.164686679840088, 'Low': 1.1644154787063599, 'Open': 1.164686679840088, 'Volume': 0.0}
2025-10-22 16:47:54,476 - INFO - Generating payload for candle at 2025-10-20 20:15:00+00:00. ctx_data length: 256. row_data: {'Adj Close': 1.1644154787063599, 'Close': 1.1644154787063599, 'High': 1.1644154787063599, 'Low': 1.1644154787063599, 'Open': 1.1644154787063599, 'Volume': 0.0}
2025-10-22 16:47:54,478 - INFO - Generating payload for candle at 2025-10-20 20:20:00+00:00. ctx_data length: 257. row_data: {'Adj Close': 1.164686679840088, 'Close': 1.164686679840088, 'High': 1.164686679840088, 'Low': 1.164686679840088, 'Open': 1.164686679840088, 'Volume': 0.0}
2025-10-22 16:47:54,481 - INFO - Generating payload for candle at 2025-10-20 20:25:00+00:00. ctx_data length: 258. row_data: {'Adj Close': 1.164686679840088, 'Close': 1.164686679840088, 'High': 1.164686679840088, 'Low': 1.164686679840088, 'Open': 1.164686679840088, 'Volume': 0.0}
2025-10-22 16:47:54,484 - INFO - Generating payload for candle at 2025-10-20 20:30:00+00:00. ctx_data length: 259. row_data: {'Adj Close': 1.164686679840088, 'Close': 1.164686679840088, 'High': 1.1648223400115967, 'Low': 1.164686679840088, 'Open': 1.1648223400115967, 'Volume': 0.0}
2025-10-22 16:47:54,487 - INFO - Generating payload for candle at 2025-10-20 20:35:00+00:00. ctx_data length: 260. row_data: {'Adj Close': 1.164686679840088, 'Close': 1.164686679840088, 'High': 1.164686679840088, 'Low': 1.164686679840088, 'Open': 1.164686679840088, 'Volume': 0.0}
2025-10-22 16:47:54,489 - INFO - Generating payload for candle at 2025-10-20 20:40:00+00:00. ctx_data length: 261. row_data: {'Adj Close': 1.164686679840088, 'Close': 1.164686679840088, 'High': 1.164686679840088, 'Low': 1.164686679840088, 'Open': 1.164686679840088, 'Volume': 0.0}
2025-10-22 16:47:54,493 - INFO - Generating payload for candle at 2025-10-20 20:45:00+00:00. ctx_data length: 262. row_data: {'Adj Close': 1.164686679840088, 'Close': 1.164686679840088, 'High': 1.164686679840088, 'Low': 1.164686679840088, 'Open': 1.164686679840088, 'Volume': 0.0}
2025-10-22 16:47:54,495 - INFO - Generating payload for candle at 2025-10-20 20:50:00+00:00. ctx_data length: 263. row_data: {'Adj Close': 1.164686679840088, 'Close': 1.164686679840088, 'High': 1.164686679840088, 'Low': 1.164686679840088, 'Open': 1.164686679840088, 'Volume': 0.0}
2025-10-22 16:47:54,500 - INFO - Generating payload for candle at 2025-10-20 20:55:00+00:00. ctx_data length: 264. row_data: {'Adj Close': 1.1645511388778687, 'Close': 1.1645511388778687, 'High': 1.164686679840088, 'Low': 1.1645511388778687, 'Open': 1.164686679840088, 'Volume': 0.0}
2025-10-22 16:47:54,503 - INFO - Generating payload for candle at 2025-10-20 21:00:00+00:00. ctx_data length: 265. row_data: {'Adj Close': 1.1644154787063599, 'Close': 1.1644154787063599, 'High': 1.164686679840088, 'Low': 1.1631964445114136, 'Open': 1.1631964445114136, 'Volume': 0.0}
2025-10-22 16:47:54,505 - INFO - Generating payload for candle at 2025-10-20 21:05:00+00:00. ctx_data length: 266. row_data: {'Adj Close': 1.1644154787063599, 'Close': 1.1644154787063599, 'High': 1.1645511388778687, 'Low': 1.1640088558197021, 'Open': 1.1641442775726318, 'Volume': 0.0}
2025-10-22 16:47:54,508 - INFO - Generating payload for candle at 2025-10-20 21:10:00+00:00. ctx_data length: 267. row_data: {'Adj Close': 1.1650937795639038, 'Close': 1.1650937795639038, 'High': 1.1650937795639038, 'Low': 1.1645511388778687, 'Open': 1.164686679840088, 'Volume': 0.0}
2025-10-22 16:47:54,511 - INFO - Generating payload for candle at 2025-10-20 21:15:00+00:00. ctx_data length: 268. row_data: {'Adj Close': 1.164686679840088, 'Close': 1.164686679840088, 'High': 1.164958119392395, 'Low': 1.164686679840088, 'Open': 1.164958119392395, 'Volume': 0.0}
2025-10-22 16:47:54,515 - INFO - Generating payload for candle at 2025-10-20 21:20:00+00:00. ctx_data length: 269. row_data: {'Adj Close': 1.1645511388778687, 'Close': 1.1645511388778687, 'High': 1.164686679840088, 'Low': 1.1644154787063599, 'Open': 1.1645511388778687, 'Volume': 0.0}
2025-10-22 16:47:54,519 - INFO - Generating payload for candle at 2025-10-20 21:25:00+00:00. ctx_data length: 270. row_data: {'Adj Close': 1.1648223400115967, 'Close': 1.1648223400115967, 'High': 1.1648223400115967, 'Low': 1.1645511388778687, 'Open': 1.1645511388778687, 'Volume': 0.0}
2025-10-22 16:47:54,522 - INFO - Generating payload for candle at 2025-10-20 21:30:00+00:00. ctx_data length: 271. row_data: {'Adj Close': 1.1648223400115967, 'Close': 1.1648223400115967, 'High': 1.1650937795639038, 'Low': 1.164686679840088, 'Open': 1.164686679840088, 'Volume': 0.0}
2025-10-22 16:47:54,524 - INFO - Generating payload for candle at 2025-10-20 21:35:00+00:00. ctx_data length: 272. row_data: {'Adj Close': 1.164686679840088, 'Close': 1.164686679840088, 'High': 1.1648223400115967, 'Low': 1.164686679840088, 'Open': 1.1648223400115967, 'Volume': 0.0}
2025-10-22 16:47:54,527 - INFO - Generating payload for candle at 2025-10-20 21:40:00+00:00. ctx_data length: 273. row_data: {'Adj Close': 1.164958119392395, 'Close': 1.164958119392395, 'High': 1.164958119392395, 'Low': 1.164686679840088, 'Open': 1.164686679840088, 'Volume': 0.0}
2025-10-22 16:47:54,531 - INFO - Generating payload for candle at 2025-10-20 21:45:00+00:00. ctx_data length: 274. row_data: {'Adj Close': 1.1648223400115967, 'Close': 1.1648223400115967, 'High': 1.1648223400115967, 'Low': 1.164686679840088, 'Open': 1.164686679840088, 'Volume': 0.0}
2025-10-22 16:47:54,535 - INFO - Generating payload for candle at 2025-10-20 21:50:00+00:00. ctx_data length: 275. row_data: {'Adj Close': 1.164958119392395, 'Close': 1.164958119392395, 'High': 1.164958119392395, 'Low': 1.1648223400115967, 'Open': 1.1648223400115967, 'Volume': 0.0}
2025-10-22 16:47:54,538 - INFO - Generating payload for candle at 2025-10-20 21:55:00+00:00. ctx_data length: 276. row_data: {'Adj Close': 1.1648223400115967, 'Close': 1.1648223400115967, 'High': 1.164958119392395, 'Low': 1.1648223400115967, 'Open': 1.1648223400115967, 'Volume': 0.0}
2025-10-22 16:47:54,540 - INFO - Generating payload for candle at 2025-10-20 22:00:00+00:00. ctx_data length: 277. row_data: {'Adj Close': 1.1648223400115967, 'Close': 1.1648223400115967, 'High': 1.1650937795639038, 'Low': 1.1648223400115967, 'Open': 1.1648223400115967, 'Volume': 0.0}
2025-10-22 16:47:54,543 - INFO - Generating payload for candle at 2025-10-20 22:05:00+00:00. ctx_data length: 278. row_data: {'Adj Close': 1.1648223400115967, 'Close': 1.1648223400115967, 'High': 1.1650937795639038, 'Low': 1.1648223400115967, 'Open': 1.1648223400115967, 'Volume': 0.0}
2025-10-22 16:47:54,546 - INFO - Generating payload for candle at 2025-10-20 22:10:00+00:00. ctx_data length: 279. row_data: {'Adj Close': 1.1648223400115967, 'Close': 1.1648223400115967, 'High': 1.1650937795639038, 'Low': 1.1648223400115967, 'Open': 1.1648223400115967, 'Volume': 0.0}
2025-10-22 16:47:54,550 - INFO - Generating payload for candle at 2025-10-20 22:15:00+00:00. ctx_data length: 280. row_data: {'Adj Close': 1.1650937795639038, 'Close': 1.1650937795639038, 'High': 1.1650937795639038, 'Low': 1.1648223400115967, 'Open': 1.1648223400115967, 'Volume': 0.0}
2025-10-22 16:47:54,553 - INFO - Generating payload for candle at 2025-10-20 22:20:00+00:00. ctx_data length: 281. row_data: {'Adj Close': 1.1650937795639038, 'Close': 1.1650937795639038, 'High': 1.1650937795639038, 'Low': 1.1648223400115967, 'Open': 1.1648223400115967, 'Volume': 0.0}
2025-10-22 16:47:54,556 - INFO - Generating payload for candle at 2025-10-20 22:25:00+00:00. ctx_data length: 282. row_data: {'Adj Close': 1.164686679840088, 'Close': 1.164686679840088, 'High': 1.1648223400115967, 'Low': 1.164686679840088, 'Open': 1.1648223400115967, 'Volume': 0.0}
2025-10-22 16:47:54,560 - INFO - Generating payload for candle at 2025-10-20 22:30:00+00:00. ctx_data length: 283. row_data: {'Adj Close': 1.164686679840088, 'Close': 1.164686679840088, 'High': 1.1650937795639038, 'Low': 1.164686679840088, 'Open': 1.164686679840088, 'Volume': 0.0}
2025-10-22 16:47:54,563 - INFO - Generating payload for candle at 2025-10-20 22:35:00+00:00. ctx_data length: 284. row_data: {'Adj Close': 1.164686679840088, 'Close': 1.164686679840088, 'High': 1.164686679840088, 'Low': 1.164686679840088, 'Open': 1.164686679840088, 'Volume': 0.0}
2025-10-22 16:47:54,568 - INFO - Generating payload for candle at 2025-10-20 22:40:00+00:00. ctx_data length: 285. row_data: {'Adj Close': 1.164958119392395, 'Close': 1.164958119392395, 'High': 1.164958119392395, 'Low': 1.164686679840088, 'Open': 1.164686679840088, 'Volume': 0.0}
2025-10-22 16:47:54,571 - INFO - Generating payload for candle at 2025-10-20 22:45:00+00:00. ctx_data length: 286. row_data: {'Adj Close': 1.164958119392395, 'Close': 1.164958119392395, 'High': 1.164958119392395, 'Low': 1.164686679840088, 'Open': 1.164686679840088, 'Volume': 0.0}
2025-10-22 16:47:54,573 - INFO - Generating payload for candle at 2025-10-20 22:50:00+00:00. ctx_data length: 287. row_data: {'Adj Close': 1.164686679840088, 'Close': 1.164686679840088, 'High': 1.164958119392395, 'Low': 1.164686679840088, 'Open': 1.164686679840088, 'Volume': 0.0}
2025-10-22 16:47:54,577 - INFO - Generating payload for candle at 2025-10-20 22:55:00+00:00. ctx_data length: 288. row_data: {'Adj Close': 1.164958119392395, 'Close': 1.164958119392395, 'High': 1.164958119392395, 'Low': 1.164686679840088, 'Open': 1.164686679840088, 'Volume': 0.0}
2025-10-22 16:47:54,585 - INFO - Successfully saved payloads for 2025-10-20 to test_results/EURUSD=X/5m/run-2/2025-10-20/payload.json
2025-10-22 16:47:54,585 - INFO - Saving final backtest results...
2025-10-22 16:47:54,588 - INFO - Successfully saved trade summary to test_results/EURUSD=X/5m/run-2/trades.json
2025-10-22 16:47:54,593 - INFO - Successfully saved candle data to test_results/EURUSD=X/5m/run-2/candles.json
2025-10-22 16:47:54,595 - INFO - Successfully saved equity history to test_results/EURUSD=X/5m/run-2/equity.json
